2017-10-20 01:38:02 +0000  Initial pipeline context: <IDEDistributionProcessingPipelineContext: 0x7fd105553280; archive(resolved)='<IDEArchive: 0x7fd0fc7aa6b0>', distributionTask(resolved)='2', distributionMethod(resolved)='<IDEDistributionMethodDevelopmentSigned: 0x7fd10cb71600>', team(resolved)='<IDEProvisioningBasicTeam 0x7fd0fc8c88c0: teamID: 2F85MS5QM7, teamName: liu chang>'>
	Chain (11, self inclusive):
	<IDEDistributionProcessingPipelineContext: 0x7fd105553280; archive = '<IDEArchive: 0x7fd0fc7aa6b0>', distributionMethod='<IDEDistributionMethodDevelopmentSigned: 0x7fd10cb71600>', team='<IDEProvisioningBasicTeam 0x7fd0fc8c88c0: teamID: 2F85MS5QM7, teamName: liu chang>'>
	<IDEDistributionProcessingPipelineContext: 0x7fd10556f910; archive = '<IDEArchive: 0x7fd0fc7aa6b0>', distributionMethod='<IDEDistributionMethodDevelopmentSigned: 0x7fd10cb71600>', team='<IDEProvisioningBasicTeam 0x7fd0fc8c88c0: teamID: 2F85MS5QM7, teamName: liu chang>'>
	<IDEDistributionContext: 0x7fd0f1e4aa50; archive = '<IDEArchive: 0x7fd0fc7aa6b0>', distributionMethod='<IDEDistributionMethodDevelopmentSigned: 0x7fd10cb71600>', team='<IDEProvisioningBasicTeam 0x7fd0fc8c88c0: teamID: 2F85MS5QM7, teamName: liu chang>'>
	<IDEDistributionContext: 0x7fd0f40e72d0; archive = '<IDEArchive: 0x7fd0fc7aa6b0>', distributionMethod='<IDEDistributionMethodDevelopmentSigned: 0x7fd10cb71600>', team='<IDEProvisioningBasicTeam 0x7fd0fc8c88c0: teamID: 2F85MS5QM7, teamName: liu chang>'>
	<IDEDistributionContext: 0x7fd0f44b17a0; archive = '<IDEArchive: 0x7fd0fc7aa6b0>', distributionMethod='<IDEDistributionMethodDevelopmentSigned: 0x7fd10cb71600>', team='<IDEProvisioningBasicTeam 0x7fd0fc8c88c0: teamID: 2F85MS5QM7, teamName: liu chang>'>
	<IDEDistributionContext: 0x7fd0f3f7c790; archive = '<IDEArchive: 0x7fd0fc7aa6b0>', distributionMethod='<IDEDistributionMethodDevelopmentSigned: 0x7fd10cb71600>', team='<IDEProvisioningBasicTeam 0x7fd0fc8c88c0: teamID: 2F85MS5QM7, teamName: liu chang>'>
	<IDEDistributionContext: 0x7fd0fbab8510; archive = '<IDEArchive: 0x7fd0fc7aa6b0>', distributionMethod='<IDEDistributionMethodDevelopmentSigned: 0x7fd10cb71600>', team='<IDEProvisioningBasicTeam 0x7fd0fc8c88c0: teamID: 2F85MS5QM7, teamName: liu chang>'>
	<IDEDistributionContext: 0x7fd0f480f4e0; archive = '<IDEArchive: 0x7fd0fc7aa6b0>', distributionMethod='<IDEDistributionMethodDevelopmentSigned: 0x7fd10cb71600>', team='<IDEProvisioningBasicTeam 0x7fd0fc8c88c0: teamID: 2F85MS5QM7, teamName: liu chang>'>
	<IDEDistributionContext: 0x7fd10144fc70; archive = '<IDEArchive: 0x7fd0fc7aa6b0>', distributionMethod='<IDEDistributionMethodDevelopmentSigned: 0x7fd10cb71600>', team='<IDEProvisioningBasicTeam 0x7fd0fc8c88c0: teamID: 2F85MS5QM7, teamName: liu chang>'>
	<IDEDistributionContext: 0x7fd0ffe7da80; archive = '<IDEArchive: 0x7fd0fc7aa6b0>', distributionMethod='<IDEDistributionMethodDevelopmentSigned: 0x7fd10cb71600>', team='(null)'>
	<IDEDistributionContext: 0x7fd0f246e820; archive = '<IDEArchive: 0x7fd0fc7aa6b0>', distributionMethod='(null)', team='(null)'>
</IDEDistributionProcessingPipelineContext: 0x7fd105553280>
2017-10-20 01:38:02 +0000  Processing step: IDEDistributionCreateDestRootStep
2017-10-20 01:38:02 +0000  Processing step: IDEDistributionCopyItemStep
2017-10-20 01:38:02 +0000  Running /usr/bin/ditto '-V' '/Users/huanglu/Library/Developer/Xcode/Archives/2017-10-20/JLB_Customer 2017-10-20 09.36.xcarchive/Products/Applications/JLB_Customer.app' '/var/folders/v7/byfc44vs7p18cjpzf2x34xq80000gn/T/XcodeDistPipeline.mPw/Root/Payload/JLB_Customer.app'
2017-10-20 01:38:02 +0000  >>> Copying /Users/huanglu/Library/Developer/Xcode/Archives/2017-10-20/JLB_Customer 2017-10-20 09.36.xcarchive/Products/Applications/JLB_Customer.app 
2017-10-20 01:38:02 +0000  copying file ./_CodeSignature/CodeResources ... 
2017-10-20 01:38:02 +0000  78513 bytes for ./_CodeSignature/CodeResources
2017-10-20 01:38:02 +0000  copying file ./AppIcon20x20@2x.png ... 
2017-10-20 01:38:02 +0000  2468 bytes for ./AppIcon20x20@2x.png
copying file ./AppIcon20x20@3x.png ... 
2017-10-20 01:38:02 +0000  4012 bytes for ./AppIcon20x20@3x.png
copying file ./AppIcon29x29@2x.png ... 
2017-10-20 01:38:02 +0000  4238 bytes for ./AppIcon29x29@2x.png
copying file ./AppIcon29x29@3x.png ... 
2017-10-20 01:38:02 +0000  6059 bytes for ./AppIcon29x29@3x.png
copying file ./AppIcon40x40@2x.png ... 
2017-10-20 01:38:02 +0000  6131 bytes for ./AppIcon40x40@2x.png
copying file ./AppIcon40x40@3x.png ... 
2017-10-20 01:38:02 +0000  8370 bytes for ./AppIcon40x40@3x.png
copying file ./AppIcon60x60@2x.png ... 
2017-10-20 01:38:02 +0000  8370 bytes for ./AppIcon60x60@2x.png
copying file ./AppIcon60x60@3x.png ... 
2017-10-20 01:38:02 +0000  11928 bytes for ./AppIcon60x60@3x.png
copying file ./archived-expanded-entitlements.xcent ... 
2017-10-20 01:38:02 +0000  376 bytes for ./archived-expanded-entitlements.xcent
2017-10-20 01:38:02 +0000  copying file ./Assets.car ... 
2017-10-20 01:38:02 +0000  2073784 bytes for ./Assets.car
2017-10-20 01:38:02 +0000  copying file ./Base.lproj/LaunchScreen.storyboardc/01J-lp-oVM-view-Ze5-6b-2t3.nib ... 
2017-10-20 01:38:02 +0000  2280 bytes for ./Base.lproj/LaunchScreen.storyboardc/01J-lp-oVM-view-Ze5-6b-2t3.nib
2017-10-20 01:38:02 +0000  copying file ./Base.lproj/LaunchScreen.storyboardc/Info.plist ... 
2017-10-20 01:38:02 +0000  258 bytes for ./Base.lproj/LaunchScreen.storyboardc/Info.plist
2017-10-20 01:38:02 +0000  copying file ./Base.lproj/LaunchScreen.storyboardc/UIViewController-01J-lp-oVM.nib ... 
2017-10-20 01:38:02 +0000  832 bytes for ./Base.lproj/LaunchScreen.storyboardc/UIViewController-01J-lp-oVM.nib
2017-10-20 01:38:02 +0000  copying file ./checkbox_checked.png ... 
2017-10-20 01:38:02 +0000  4465 bytes for ./checkbox_checked.png
2017-10-20 01:38:02 +0000  copying file ./checkbox_uncheck.png ... 
2017-10-20 01:38:02 +0000  4378 bytes for ./checkbox_uncheck.png
copying file ./DCImageView.nib ... 
2017-10-20 01:38:02 +0000  1468 bytes for ./DCImageView.nib
copying file ./DCLoginViewController.nib ... 
2017-10-20 01:38:02 +0000  6419 bytes for ./DCLoginViewController.nib
2017-10-20 01:38:02 +0000  copying file ./DPClientKit.bundle/Info.plist ... 
2017-10-20 01:38:02 +0000  719 bytes for ./DPClientKit.bundle/Info.plist
2017-10-20 01:38:02 +0000  copying file ./DPToolKit.bundle/DPToolKit.bundle/PhotoImageCell.xib ... 
2017-10-20 01:38:02 +0000  3657 bytes for ./DPToolKit.bundle/DPToolKit.bundle/PhotoImageCell.xib
2017-10-20 01:38:02 +0000  copying file ./DPToolKit.bundle/DPToolKit.bundle/photosCamera@2x.png ... 
2017-10-20 01:38:02 +0000  2949 bytes for ./DPToolKit.bundle/DPToolKit.bundle/photosCamera@2x.png
copying file ./DPToolKit.bundle/DPToolKit.bundle/photosCamera@3x.png ... 
2017-10-20 01:38:02 +0000  4039 bytes for ./DPToolKit.bundle/DPToolKit.bundle/photosCamera@3x.png
2017-10-20 01:38:02 +0000  copying file ./DPToolKit.bundle/DPToolKit.bundle/photosImagenormal@2x.png ... 
2017-10-20 01:38:02 +0000  1840 bytes for ./DPToolKit.bundle/DPToolKit.bundle/photosImagenormal@2x.png
copying file ./DPToolKit.bundle/DPToolKit.bundle/photosImagenormal@3x.png ... 
2017-10-20 01:38:02 +0000  2353 bytes for ./DPToolKit.bundle/DPToolKit.bundle/photosImagenormal@3x.png
copying file ./DPToolKit.bundle/DPToolKit.bundle/photosImageselected@2x.png ... 
2017-10-20 01:38:02 +0000  2061 bytes for ./DPToolKit.bundle/DPToolKit.bundle/photosImageselected@2x.png
copying file ./DPToolKit.bundle/DPToolKit.bundle/photosImageselected@3x.png ... 
2017-10-20 01:38:02 +0000  2735 bytes for ./DPToolKit.bundle/DPToolKit.bundle/photosImageselected@3x.png
copying file ./DPToolKit.bundle/DPToolKit.bundle/Request_Error@2x.png ... 
2017-10-20 01:38:02 +0000  2510 bytes for ./DPToolKit.bundle/DPToolKit.bundle/Request_Error@2x.png
2017-10-20 01:38:02 +0000  copying file ./DPToolKit.bundle/DPToolKit.bundle/Request_Error@3x.png ... 
2017-10-20 01:38:02 +0000  3412 bytes for ./DPToolKit.bundle/DPToolKit.bundle/Request_Error@3x.png
2017-10-20 01:38:02 +0000  copying file ./DPToolKit.bundle/DPToolKit.bundle/Request_Success@2x.png ... 
2017-10-20 01:38:02 +0000  2648 bytes for ./DPToolKit.bundle/DPToolKit.bundle/Request_Success@2x.png
copying file ./DPToolKit.bundle/DPToolKit.bundle/Request_Success@3x.png ... 
2017-10-20 01:38:02 +0000  3793 bytes for ./DPToolKit.bundle/DPToolKit.bundle/Request_Success@3x.png
2017-10-20 01:38:02 +0000  copying file ./DPToolKit.bundle/DPToolKit.bundle/ZJExampleFilterCell.xib ... 
2017-10-20 01:38:02 +0000  3975 bytes for ./DPToolKit.bundle/DPToolKit.bundle/ZJExampleFilterCell.xib
2017-10-20 01:38:02 +0000  copying file ./DPToolKit.bundle/DPToolKit.bundle/ZJImageFilterVC.xib ... 
2017-10-20 01:38:02 +0000  4943 bytes for ./DPToolKit.bundle/DPToolKit.bundle/ZJImageFilterVC.xib
2017-10-20 01:38:02 +0000  copying file ./DPToolKit.bundle/DPToolKit.bundle/ZJNeedFilerCell.xib ... 
2017-10-20 01:38:02 +0000  2490 bytes for ./DPToolKit.bundle/DPToolKit.bundle/ZJNeedFilerCell.xib
2017-10-20 01:38:02 +0000  copying file ./DPToolKit.bundle/Info.plist ... 
2017-10-20 01:38:02 +0000  714 bytes for ./DPToolKit.bundle/Info.plist
copying file ./DPToolKit.bundle/PhotoImageCell.xib ... 
2017-10-20 01:38:02 +0000  3657 bytes for ./DPToolKit.bundle/PhotoImageCell.xib
2017-10-20 01:38:02 +0000  copying file ./DPToolKit.bundle/photosCamera@2x.png ... 
2017-10-20 01:38:02 +0000  2949 bytes for ./DPToolKit.bundle/photosCamera@2x.png
copying file ./DPToolKit.bundle/photosCamera@3x.png ... 
2017-10-20 01:38:02 +0000  4039 bytes for ./DPToolKit.bundle/photosCamera@3x.png
copying file ./DPToolKit.bundle/photosImagenormal@2x.png ... 
2017-10-20 01:38:02 +0000  1840 bytes for ./DPToolKit.bundle/photosImagenormal@2x.png
2017-10-20 01:38:02 +0000  copying file ./DPToolKit.bundle/photosImagenormal@3x.png ... 
2017-10-20 01:38:02 +0000  2353 bytes for ./DPToolKit.bundle/photosImagenormal@3x.png
2017-10-20 01:38:02 +0000  copying file ./DPToolKit.bundle/photosImageselected@2x.png ... 
2017-10-20 01:38:02 +0000  2061 bytes for ./DPToolKit.bundle/photosImageselected@2x.png
2017-10-20 01:38:02 +0000  copying file ./DPToolKit.bundle/photosImageselected@3x.png ... 
2017-10-20 01:38:02 +0000  2735 bytes for ./DPToolKit.bundle/photosImageselected@3x.png
copying file ./DPToolKit.bundle/Request_Error@2x.png ... 
2017-10-20 01:38:02 +0000  2510 bytes for ./DPToolKit.bundle/Request_Error@2x.png
2017-10-20 01:38:02 +0000  copying file ./DPToolKit.bundle/Request_Error@3x.png ... 
2017-10-20 01:38:02 +0000  3412 bytes for ./DPToolKit.bundle/Request_Error@3x.png
2017-10-20 01:38:02 +0000  copying file ./DPToolKit.bundle/Request_Success@2x.png ... 
2017-10-20 01:38:02 +0000  2648 bytes for ./DPToolKit.bundle/Request_Success@2x.png
2017-10-20 01:38:02 +0000  copying file ./DPToolKit.bundle/Request_Success@3x.png ... 
2017-10-20 01:38:02 +0000  3793 bytes for ./DPToolKit.bundle/Request_Success@3x.png
copying file ./DPToolKit.bundle/ZJExampleFilterCell.xib ... 
2017-10-20 01:38:02 +0000  3975 bytes for ./DPToolKit.bundle/ZJExampleFilterCell.xib
copying file ./DPToolKit.bundle/ZJImageFilterVC.xib ... 
2017-10-20 01:38:02 +0000  4943 bytes for ./DPToolKit.bundle/ZJImageFilterVC.xib
copying file ./DPToolKit.bundle/ZJNeedFilerCell.xib ... 
2017-10-20 01:38:02 +0000  2490 bytes for ./DPToolKit.bundle/ZJNeedFilerCell.xib
2017-10-20 01:38:02 +0000  copying file ./embedded.mobileprovision ... 
2017-10-20 01:38:02 +0000  22078 bytes for ./embedded.mobileprovision
2017-10-20 01:38:02 +0000  copying file ./Empty.nib ... 
2017-10-20 01:38:02 +0000  478 bytes for ./Empty.nib
2017-10-20 01:38:02 +0000  copying file ./Info.plist ... 
2017-10-20 01:38:02 +0000  1460 bytes for ./Info.plist
2017-10-20 01:38:02 +0000  copying file ./IQKeyboardManager.bundle/de.lproj/IQKeyboardManager.strings ... 
2017-10-20 01:38:02 +0000  489 bytes for ./IQKeyboardManager.bundle/de.lproj/IQKeyboardManager.strings
2017-10-20 01:38:02 +0000  copying file ./IQKeyboardManager.bundle/en.lproj/IQKeyboardManager.strings ... 
2017-10-20 01:38:02 +0000  474 bytes for ./IQKeyboardManager.bundle/en.lproj/IQKeyboardManager.strings
2017-10-20 01:38:02 +0000  copying file ./IQKeyboardManager.bundle/es.lproj/IQKeyboardManager.strings ... 
2017-10-20 01:38:02 +0000  496 bytes for ./IQKeyboardManager.bundle/es.lproj/IQKeyboardManager.strings
2017-10-20 01:38:02 +0000  copying file ./IQKeyboardManager.bundle/fr.lproj/IQKeyboardManager.strings ... 
2017-10-20 01:38:02 +0000  497 bytes for ./IQKeyboardManager.bundle/fr.lproj/IQKeyboardManager.strings
2017-10-20 01:38:02 +0000  copying file ./IQKeyboardManager.bundle/IQButtonBarArrowDown@2x.png ... 
2017-10-20 01:38:02 +0000  1764 bytes for ./IQKeyboardManager.bundle/IQButtonBarArrowDown@2x.png
2017-10-20 01:38:02 +0000  copying file ./IQKeyboardManager.bundle/IQButtonBarArrowDown@3x.png ... 
2017-10-20 01:38:02 +0000  2177 bytes for ./IQKeyboardManager.bundle/IQButtonBarArrowDown@3x.png
copying file ./IQKeyboardManager.bundle/IQButtonBarArrowLeft@2x.png ... 
2017-10-20 01:38:02 +0000  1793 bytes for ./IQKeyboardManager.bundle/IQButtonBarArrowLeft@2x.png
2017-10-20 01:38:02 +0000  copying file ./IQKeyboardManager.bundle/IQButtonBarArrowLeft@3x.png ... 
2017-10-20 01:38:02 +0000  1815 bytes for ./IQKeyboardManager.bundle/IQButtonBarArrowLeft@3x.png
2017-10-20 01:38:02 +0000  copying file ./IQKeyboardManager.bundle/IQButtonBarArrowRight@2x.png ... 
2017-10-20 01:38:02 +0000  1786 bytes for ./IQKeyboardManager.bundle/IQButtonBarArrowRight@2x.png
copying file ./IQKeyboardManager.bundle/IQButtonBarArrowRight@3x.png ... 
2017-10-20 01:38:02 +0000  1844 bytes for ./IQKeyboardManager.bundle/IQButtonBarArrowRight@3x.png
2017-10-20 01:38:02 +0000  copying file ./IQKeyboardManager.bundle/IQButtonBarArrowUp@2x.png ... 
2017-10-20 01:38:02 +0000  1769 bytes for ./IQKeyboardManager.bundle/IQButtonBarArrowUp@2x.png
copying file ./IQKeyboardManager.bundle/IQButtonBarArrowUp@3x.png ... 
2017-10-20 01:38:02 +0000  2164 bytes for ./IQKeyboardManager.bundle/IQButtonBarArrowUp@3x.png
2017-10-20 01:38:02 +0000  copying file ./IQKeyboardManager.bundle/zh-Hans/IQKeyboardManager.strings ... 
2017-10-20 01:38:02 +0000  479 bytes for ./IQKeyboardManager.bundle/zh-Hans/IQKeyboardManager.strings
2017-10-20 01:38:02 +0000  copying file ./IQKeyboardManager.bundle/zh-Hant/IQKeyboardManager.strings ... 
2017-10-20 01:38:02 +0000  479 bytes for ./IQKeyboardManager.bundle/zh-Hant/IQKeyboardManager.strings
2017-10-20 01:38:02 +0000  copying file ./JLB_Customer ... 
2017-10-20 01:38:02 +0000  18715504 bytes for ./JLB_Customer
copying file ./JLBAboutUSVC.nib ... 
2017-10-20 01:38:02 +0000  4839 bytes for ./JLBAboutUSVC.nib
copying file ./JLBActivityPhotoCell.nib ... 
3261 bytes for ./JLBActivityPhotoCell.nib
copying file ./JLBActivityTakePhotoVC.nib ... 
3843 bytes for ./JLBActivityTakePhotoVC.nib
copying file ./JLBActSeasonNumCell.nib ... 
4731 bytes for ./JLBActSeasonNumCell.nib
copying file ./JLBAddCubCell.nib ... 
3673 bytes for ./JLBAddCubCell.nib
copying file ./JLBAddNewIceCubVC.nib ... 
3571 bytes for ./JLBAddNewIceCubVC.nib
copying file ./JLBAgencyCell.nib ... 
2764 bytes for ./JLBAgencyCell.nib
copying file ./JLBAgencySearchVC.nib ... 
4438 bytes for ./JLBAgencySearchVC.nib
copying file ./JLBChannelPickerView.nib ... 
3538 bytes for ./JLBChannelPickerView.nib
copying file ./JLBCheckBoxChooseCell.nib ... 
4295 bytes for ./JLBCheckBoxChooseCell.nib
copying file ./JLBChooseDistrictView.nib ... 
4703 bytes for ./JLBChooseDistrictView.nib
copying file ./JLBContactCell.nib ... 
3227 bytes for ./JLBContactCell.nib
copying file ./JLBCustomAddCell.nib ... 
4491 bytes for ./JLBCustomAddCell.nib
copying file ./JLBCustomerInfoVC.nib ... 
4077 bytes for ./JLBCustomerInfoVC.nib
copying file ./JLBCustomerListCell.nib ... 
2017-10-20 01:38:02 +0000  4141 bytes for ./JLBCustomerListCell.nib
2017-10-20 01:38:02 +0000  copying file ./JLBDateTimeCell.nib ... 
2017-10-20 01:38:02 +0000  4148 bytes for ./JLBDateTimeCell.nib
copying file ./JLBHomePageVC.nib ... 
4985 bytes for ./JLBHomePageVC.nib
copying file ./JLBIceCubCell.nib ... 
4258 bytes for ./JLBIceCubCell.nib
copying file ./JLBIceCubListsVC.nib ... 
2017-10-20 01:38:02 +0000  2496 bytes for ./JLBIceCubListsVC.nib
copying file ./JLBInputCell.nib ... 
2017-10-20 01:38:02 +0000  3373 bytes for ./JLBInputCell.nib
2017-10-20 01:38:02 +0000  copying file ./JLBInputContentCell.nib ... 
2017-10-20 01:38:02 +0000  4577 bytes for ./JLBInputContentCell.nib
copying file ./JLBKnowledgeCell.nib ... 
2017-10-20 01:38:02 +0000  4521 bytes for ./JLBKnowledgeCell.nib
copying file ./JLBKnowledgetContentCell.nib ... 
2017-10-20 01:38:02 +0000  4350 bytes for ./JLBKnowledgetContentCell.nib
2017-10-20 01:38:02 +0000  copying file ./JLBLeftEdgetView.nib ... 
2017-10-20 01:38:02 +0000  941 bytes for ./JLBLeftEdgetView.nib
copying file ./JLBLocationCell.nib ... 
2017-10-20 01:38:02 +0000  3993 bytes for ./JLBLocationCell.nib
2017-10-20 01:38:02 +0000  copying file ./JLBMapVC.nib ... 
2017-10-20 01:38:02 +0000  6253 bytes for ./JLBMapVC.nib
2017-10-20 01:38:02 +0000  copying file ./JLBMarketACVC.nib ... 
2017-10-20 01:38:02 +0000  3067 bytes for ./JLBMarketACVC.nib
copying file ./JLBMarkInfoView.nib ... 
2017-10-20 01:38:02 +0000  3862 bytes for ./JLBMarkInfoView.nib
copying file ./JLBMdifyPassVC.nib ... 
2017-10-20 01:38:02 +0000  5448 bytes for ./JLBMdifyPassVC.nib
copying file ./JLBMutalContentsCell.nib ... 
2017-10-20 01:38:02 +0000  3881 bytes for ./JLBMutalContentsCell.nib
2017-10-20 01:38:02 +0000  copying file ./JLBMutilTitleContentCell.nib ... 
2017-10-20 01:38:02 +0000  2838 bytes for ./JLBMutilTitleContentCell.nib
copying file ./JLBMutleTextCell.nib ... 
2017-10-20 01:38:02 +0000  3732 bytes for ./JLBMutleTextCell.nib
2017-10-20 01:38:02 +0000  copying file ./JLBMyStoreApplyVC.nib ... 
2017-10-20 01:38:02 +0000  3847 bytes for ./JLBMyStoreApplyVC.nib
copying file ./JLBNoteInfoVC.nib ... 
2017-10-20 01:38:02 +0000  3844 bytes for ./JLBNoteInfoVC.nib
copying file ./JLBNoTermialAcCell.nib ... 
2017-10-20 01:38:02 +0000  5148 bytes for ./JLBNoTermialAcCell.nib
copying file ./JLBNotTerminalActCell.nib ... 
2017-10-20 01:38:02 +0000  3945 bytes for ./JLBNotTerminalActCell.nib
copying file ./JLBOffLineCell.nib ... 
2017-10-20 01:38:02 +0000  3077 bytes for ./JLBOffLineCell.nib
2017-10-20 01:38:02 +0000  copying file ./JLBRadioCell.nib ... 
2017-10-20 01:38:02 +0000  3198 bytes for ./JLBRadioCell.nib
2017-10-20 01:38:02 +0000  copying file ./JLBRadioChooseCell.nib ... 
2017-10-20 01:38:02 +0000  4356 bytes for ./JLBRadioChooseCell.nib
2017-10-20 01:38:02 +0000  copying file ./JLBScanWidgeVC.nib ... 
2017-10-20 01:38:02 +0000  1709 bytes for ./JLBScanWidgeVC.nib
2017-10-20 01:38:02 +0000  copying file ./JLBStoreCheckVC.nib ... 
2017-10-20 01:38:02 +0000  5284 bytes for ./JLBStoreCheckVC.nib
2017-10-20 01:38:02 +0000  copying file ./JLBStoreListVC.nib ... 
2017-10-20 01:38:02 +0000  3891 bytes for ./JLBStoreListVC.nib
2017-10-20 01:38:02 +0000  copying file ./JLBStorePhotoCell.nib ... 
2017-10-20 01:38:02 +0000  3830 bytes for ./JLBStorePhotoCell.nib
2017-10-20 01:38:02 +0000  copying file ./JLBTakePhotoCell.nib ... 
2017-10-20 01:38:02 +0000  3795 bytes for ./JLBTakePhotoCell.nib
copying file ./JLBTempTerminalCell.nib ... 
2017-10-20 01:38:02 +0000  4318 bytes for ./JLBTempTerminalCell.nib
copying file ./JLBTempWorkListCell.nib ... 
2017-10-20 01:38:02 +0000  3467 bytes for ./JLBTempWorkListCell.nib
2017-10-20 01:38:02 +0000  copying file ./JLBTermianlAcCell.nib ... 
2017-10-20 01:38:02 +0000  4683 bytes for ./JLBTermianlAcCell.nib
2017-10-20 01:38:02 +0000  copying file ./JLBTerminalAcListVC.nib ... 
2017-10-20 01:38:02 +0000  2532 bytes for ./JLBTerminalAcListVC.nib
2017-10-20 01:38:02 +0000  copying file ./JLBTitleContentCell.nib ... 
2017-10-20 01:38:02 +0000  3384 bytes for ./JLBTitleContentCell.nib
2017-10-20 01:38:02 +0000  copying file ./JLBUserInfoVC.nib ... 
2017-10-20 01:38:02 +0000  4093 bytes for ./JLBUserInfoVC.nib
copying file ./JLBValideTerminalCell.nib ... 
2017-10-20 01:38:02 +0000  1176 bytes for ./JLBValideTerminalCell.nib
2017-10-20 01:38:02 +0000  copying file ./mapapi.bundle/files/cfg/a/CustomIndex ... 
2017-10-20 01:38:02 +0000  11327 bytes for ./mapapi.bundle/files/cfg/a/CustomIndex
copying file ./mapapi.bundle/files/cfg/a/DVDirectory.cfg ... 
2017-10-20 01:38:02 +0000  138510 bytes for ./mapapi.bundle/files/cfg/a/DVDirectory.cfg
copying file ./mapapi.bundle/files/cfg/a/DVHotcity.cfg ... 
2017-10-20 01:38:02 +0000  1937 bytes for ./mapapi.bundle/files/cfg/a/DVHotcity.cfg
copying file ./mapapi.bundle/files/cfg/a/DVHotMap.cfg ... 
2017-10-20 01:38:02 +0000  11174 bytes for ./mapapi.bundle/files/cfg/a/DVHotMap.cfg
copying file ./mapapi.bundle/files/cfg/a/DVSDirectory.cfg ... 
2017-10-20 01:38:02 +0000  7483 bytes for ./mapapi.bundle/files/cfg/a/DVSDirectory.cfg
2017-10-20 01:38:02 +0000  copying file ./mapapi.bundle/files/cfg/a/DVStreet.cfg ... 
2017-10-20 01:38:02 +0000  24669 bytes for ./mapapi.bundle/files/cfg/a/DVStreet.cfg
2017-10-20 01:38:02 +0000  copying file ./mapapi.bundle/files/cfg/a/DVVersion.cfg ... 
2017-10-20 01:38:02 +0000  700 bytes for ./mapapi.bundle/files/cfg/a/DVVersion.cfg
2017-10-20 01:38:02 +0000  copying file ./mapapi.bundle/files/cfg/a/mode_1/bus.sty ... 
2017-10-20 01:38:02 +0000  450779 bytes for ./mapapi.bundle/files/cfg/a/mode_1/bus.sty
copying file ./mapapi.bundle/files/cfg/a/mode_1/car.sty ... 
2017-10-20 01:38:02 +0000  342834 bytes for ./mapapi.bundle/files/cfg/a/mode_1/car.sty
2017-10-20 01:38:02 +0000  copying file ./mapapi.bundle/files/cfg/a/mode_1/cycle.sty ... 
2017-10-20 01:38:02 +0000  469495 bytes for ./mapapi.bundle/files/cfg/a/mode_1/cycle.sty
2017-10-20 01:38:02 +0000  copying file ./mapapi.bundle/files/cfg/a/mode_1/map.rs ... 
2017-10-20 01:38:02 +0000  858906 bytes for ./mapapi.bundle/files/cfg/a/mode_1/map.rs
2017-10-20 01:38:02 +0000  copying file ./mapapi.bundle/files/cfg/a/mode_1/map.sty ... 
2017-10-20 01:38:02 +0000  930760 bytes for ./mapapi.bundle/files/cfg/a/mode_1/map.sty
copying file ./mapapi.bundle/files/cfg/a/mode_1/reduct.rs ... 
2017-10-20 01:38:02 +0000  279264 bytes for ./mapapi.bundle/files/cfg/a/mode_1/reduct.rs
copying file ./mapapi.bundle/files/cfg/a/mode_1/reduct.sty ... 
2017-10-20 01:38:02 +0000  466440 bytes for ./mapapi.bundle/files/cfg/a/mode_1/reduct.sty
2017-10-20 01:38:02 +0000  copying file ./mapapi.bundle/files/cfg/a/mode_1/traffic.rs ... 
2017-10-20 01:38:02 +0000  131766 bytes for ./mapapi.bundle/files/cfg/a/mode_1/traffic.rs
copying file ./mapapi.bundle/files/cfg/a/mode_1/traffic.sty ... 
2017-10-20 01:38:02 +0000  468628 bytes for ./mapapi.bundle/files/cfg/a/mode_1/traffic.sty
2017-10-20 01:38:02 +0000  copying file ./mapapi.bundle/files/cfg/a/mode_2/map.sty ... 
2017-10-20 01:38:02 +0000  386535 bytes for ./mapapi.bundle/files/cfg/a/mode_2/map.sty
2017-10-20 01:38:02 +0000  copying file ./mapapi.bundle/files/cfg/a/mode_4/map.rs ... 
2017-10-20 01:38:02 +0000  93341 bytes for ./mapapi.bundle/files/cfg/a/mode_4/map.rs
2017-10-20 01:38:02 +0000  copying file ./mapapi.bundle/files/cfg/a/mode_4/map.sty ... 
2017-10-20 01:38:02 +0000  413269 bytes for ./mapapi.bundle/files/cfg/a/mode_4/map.sty
2017-10-20 01:38:02 +0000  copying file ./mapapi.bundle/files/cfg/a/street.sty ... 
2017-10-20 01:38:02 +0000  1374 bytes for ./mapapi.bundle/files/cfg/a/street.sty
2017-10-20 01:38:02 +0000  copying file ./mapapi.bundle/files/cfg/idrres/baseindoormap.sty ... 
2017-10-20 01:38:02 +0000  47979 bytes for ./mapapi.bundle/files/cfg/idrres/baseindoormap.sty
copying file ./mapapi.bundle/files/cfg/idrres/DVIndoor.cfg ... 
2017-10-20 01:38:02 +0000  14408 bytes for ./mapapi.bundle/files/cfg/idrres/DVIndoor.cfg
copying file ./mapapi.bundle/files/cfg/idrres/ResPackIndoorMap.rs ... 
2017-10-20 01:38:02 +0000  264334 bytes for ./mapapi.bundle/files/cfg/idrres/ResPackIndoorMap.rs
2017-10-20 01:38:02 +0000  copying file ./mapapi.bundle/images/baidumap_logo.png ... 
2017-10-20 01:38:02 +0000  4387 bytes for ./mapapi.bundle/images/baidumap_logo.png
copying file ./mapapi.bundle/images/baidumap_logo@2x.png ... 
2017-10-20 01:38:02 +0000  5920 bytes for ./mapapi.bundle/images/baidumap_logo@2x.png
copying file ./mapapi.bundle/images/bnavi_icon_location_fixed.png ... 
2017-10-20 01:38:02 +0000  601 bytes for ./mapapi.bundle/images/bnavi_icon_location_fixed.png
copying file ./mapapi.bundle/images/bnavi_icon_location_fixed@2x.png ... 
2017-10-20 01:38:02 +0000  1458 bytes for ./mapapi.bundle/images/bnavi_icon_location_fixed@2x.png
copying file ./mapapi.bundle/images/direction_wheel.png ... 
2017-10-20 01:38:02 +0000  3839 bytes for ./mapapi.bundle/images/direction_wheel.png
2017-10-20 01:38:02 +0000  copying file ./mapapi.bundle/images/direction_wheel@2x.png ... 
2017-10-20 01:38:02 +0000  9255 bytes for ./mapapi.bundle/images/direction_wheel@2x.png
2017-10-20 01:38:02 +0000  copying file ./mapapi.bundle/images/icon_action_paopao_middle_left.png ... 
2017-10-20 01:38:02 +0000  3065 bytes for ./mapapi.bundle/images/icon_action_paopao_middle_left.png
copying file ./mapapi.bundle/images/icon_action_paopao_middle_left@2x.png ... 
2017-10-20 01:38:02 +0000  3406 bytes for ./mapapi.bundle/images/icon_action_paopao_middle_left@2x.png
copying file ./mapapi.bundle/images/icon_action_paopao_middle_left_highlighted.png ... 
2017-10-20 01:38:02 +0000  3059 bytes for ./mapapi.bundle/images/icon_action_paopao_middle_left_highlighted.png
2017-10-20 01:38:02 +0000  copying file ./mapapi.bundle/images/icon_action_paopao_middle_left_highlighted@2x.png ... 
2017-10-20 01:38:02 +0000  3421 bytes for ./mapapi.bundle/images/icon_action_paopao_middle_left_highlighted@2x.png
copying file ./mapapi.bundle/images/icon_action_paopao_middle_right.png ... 
2017-10-20 01:38:02 +0000  3049 bytes for ./mapapi.bundle/images/icon_action_paopao_middle_right.png
copying file ./mapapi.bundle/images/icon_action_paopao_middle_right@2x.png ... 
2017-10-20 01:38:02 +0000  3323 bytes for ./mapapi.bundle/images/icon_action_paopao_middle_right@2x.png
2017-10-20 01:38:02 +0000  copying file ./mapapi.bundle/images/icon_action_paopao_middle_right_highlighted.png ... 
2017-10-20 01:38:02 +0000  3045 bytes for ./mapapi.bundle/images/icon_action_paopao_middle_right_highlighted.png
2017-10-20 01:38:02 +0000  copying file ./mapapi.bundle/images/icon_action_paopao_middle_right_highlighted@2x.png ... 
2017-10-20 01:38:02 +0000  3328 bytes for ./mapapi.bundle/images/icon_action_paopao_middle_right_highlighted@2x.png
copying file ./mapapi.bundle/images/icon_cellphone.png ... 
2017-10-20 01:38:02 +0000  2703 bytes for ./mapapi.bundle/images/icon_cellphone.png
2017-10-20 01:38:02 +0000  copying file ./mapapi.bundle/images/icon_cellphone2.png ... 
2017-10-20 01:38:02 +0000  3712 bytes for ./mapapi.bundle/images/icon_cellphone2.png
copying file ./mapapi.bundle/images/icon_cellphone2@2x.png ... 
2017-10-20 01:38:02 +0000  7717 bytes for ./mapapi.bundle/images/icon_cellphone2@2x.png
2017-10-20 01:38:02 +0000  copying file ./mapapi.bundle/images/icon_cellphone@2x.png ... 
2017-10-20 01:38:02 +0000  4674 bytes for ./mapapi.bundle/images/icon_cellphone@2x.png
2017-10-20 01:38:02 +0000  copying file ./mapapi.bundle/images/icon_center_point.png ... 
2017-10-20 01:38:02 +0000  1168 bytes for ./mapapi.bundle/images/icon_center_point.png
copying file ./mapapi.bundle/images/icon_center_point@2x.png ... 
2017-10-20 01:38:02 +0000  2470 bytes for ./mapapi.bundle/images/icon_center_point@2x.png
2017-10-20 01:38:02 +0000  copying file ./mapapi.bundle/images/icon_compass.png ... 
2017-10-20 01:38:02 +0000  3807 bytes for ./mapapi.bundle/images/icon_compass.png
copying file ./mapapi.bundle/images/icon_compass@2x.png ... 
2017-10-20 01:38:02 +0000  2972 bytes for ./mapapi.bundle/images/icon_compass@2x.png
copying file ./mapapi.bundle/images/icon_compass_background.png ... 
2017-10-20 01:38:02 +0000  4797 bytes for ./mapapi.bundle/images/icon_compass_background.png
2017-10-20 01:38:02 +0000  copying file ./mapapi.bundle/images/icon_compass_background@2x.png ... 
2017-10-20 01:38:02 +0000  5464 bytes for ./mapapi.bundle/images/icon_compass_background@2x.png
copying file ./mapapi.bundle/images/icon_direction.png ... 
2017-10-20 01:38:02 +0000  3334 bytes for ./mapapi.bundle/images/icon_direction.png
copying file ./mapapi.bundle/images/icon_direction@2x.png ... 
2017-10-20 01:38:02 +0000  3496 bytes for ./mapapi.bundle/images/icon_direction@2x.png
2017-10-20 01:38:02 +0000  copying file ./mapapi.bundle/images/icon_line_nofocus.png ... 
2017-10-20 01:38:02 +0000  112 bytes for ./mapapi.bundle/images/icon_line_nofocus.png
2017-10-20 01:38:02 +0000  copying file ./mapapi.bundle/images/icon_nav_bus.png ... 
2017-10-20 01:38:02 +0000  1818 bytes for ./mapapi.bundle/images/icon_nav_bus.png
2017-10-20 01:38:02 +0000  copying file ./mapapi.bundle/images/icon_nav_bus@2x.png ... 
2017-10-20 01:38:02 +0000  1394 bytes for ./mapapi.bundle/images/icon_nav_bus@2x.png
2017-10-20 01:38:02 +0000  copying file ./mapapi.bundle/images/icon_nav_end.png ... 
2017-10-20 01:38:02 +0000  4793 bytes for ./mapapi.bundle/images/icon_nav_end.png
2017-10-20 01:38:02 +0000  copying file ./mapapi.bundle/images/icon_nav_end@2x.png ... 
2017-10-20 01:38:02 +0000  7991 bytes for ./mapapi.bundle/images/icon_nav_end@2x.png
2017-10-20 01:38:02 +0000  copying file ./mapapi.bundle/images/icon_nav_rail.png ... 
2017-10-20 01:38:02 +0000  1950 bytes for ./mapapi.bundle/images/icon_nav_rail.png
2017-10-20 01:38:02 +0000  copying file ./mapapi.bundle/images/icon_nav_rail@2x.png ... 
2017-10-20 01:38:02 +0000  1555 bytes for ./mapapi.bundle/images/icon_nav_rail@2x.png
2017-10-20 01:38:02 +0000  copying file ./mapapi.bundle/images/icon_nav_start.png ... 
2017-10-20 01:38:02 +0000  4760 bytes for ./mapapi.bundle/images/icon_nav_start.png
copying file ./mapapi.bundle/images/icon_nav_start@2x.png ... 
2017-10-20 01:38:02 +0000  7712 bytes for ./mapapi.bundle/images/icon_nav_start@2x.png
2017-10-20 01:38:02 +0000  copying file ./mapapi.bundle/images/icon_nav_waypoint.png ... 
2017-10-20 01:38:02 +0000  4693 bytes for ./mapapi.bundle/images/icon_nav_waypoint.png
copying file ./mapapi.bundle/images/icon_nav_waypoint@2x.png ... 
2017-10-20 01:38:02 +0000  5068 bytes for ./mapapi.bundle/images/icon_nav_waypoint@2x.png
copying file ./mapapi.bundle/images/icon_paopao_middle_left.png ... 
2017-10-20 01:38:02 +0000  3397 bytes for ./mapapi.bundle/images/icon_paopao_middle_left.png
copying file ./mapapi.bundle/images/icon_paopao_middle_left@2x.png ... 
2017-10-20 01:38:02 +0000  4308 bytes for ./mapapi.bundle/images/icon_paopao_middle_left@2x.png
copying file ./mapapi.bundle/images/icon_paopao_middle_left_highlighted.png ... 
2017-10-20 01:38:02 +0000  3452 bytes for ./mapapi.bundle/images/icon_paopao_middle_left_highlighted.png
copying file ./mapapi.bundle/images/icon_paopao_middle_left_highlighted@2x.png ... 
2017-10-20 01:38:02 +0000  4291 bytes for ./mapapi.bundle/images/icon_paopao_middle_left_highlighted@2x.png
2017-10-20 01:38:02 +0000  copying file ./mapapi.bundle/images/icon_paopao_middle_right.png ... 
2017-10-20 01:38:02 +0000  3411 bytes for ./mapapi.bundle/images/icon_paopao_middle_right.png
2017-10-20 01:38:02 +0000  copying file ./mapapi.bundle/images/icon_paopao_middle_right@2x.png ... 
2017-10-20 01:38:02 +0000  4202 bytes for ./mapapi.bundle/images/icon_paopao_middle_right@2x.png
copying file ./mapapi.bundle/images/icon_paopao_middle_right_highlighted.png ... 
2017-10-20 01:38:02 +0000  3386 bytes for ./mapapi.bundle/images/icon_paopao_middle_right_highlighted.png
copying file ./mapapi.bundle/images/icon_paopao_middle_right_highlighted@2x.png ... 
2017-10-20 01:38:02 +0000  4185 bytes for ./mapapi.bundle/images/icon_paopao_middle_right_highlighted@2x.png
copying file ./mapapi.bundle/images/line_texture.png ... 
2017-10-20 01:38:02 +0000  2830 bytes for ./mapapi.bundle/images/line_texture.png
2017-10-20 01:38:02 +0000  copying file ./mapapi.bundle/images/lineDashTexture.png ... 
2017-10-20 01:38:02 +0000  194 bytes for ./mapapi.bundle/images/lineDashTexture.png
2017-10-20 01:38:02 +0000  copying file ./mapapi.bundle/images/pin_green.png ... 
2017-10-20 01:38:02 +0000  3896 bytes for ./mapapi.bundle/images/pin_green.png
copying file ./mapapi.bundle/images/pin_green@2x.png ... 
2017-10-20 01:38:02 +0000  5685 bytes for ./mapapi.bundle/images/pin_green@2x.png
2017-10-20 01:38:02 +0000  copying file ./mapapi.bundle/images/pin_purple.png ... 
2017-10-20 01:38:02 +0000  3909 bytes for ./mapapi.bundle/images/pin_purple.png
2017-10-20 01:38:02 +0000  copying file ./mapapi.bundle/images/pin_purple@2x.png ... 
2017-10-20 01:38:02 +0000  5716 bytes for ./mapapi.bundle/images/pin_purple@2x.png
copying file ./mapapi.bundle/images/pin_red.png ... 
2017-10-20 01:38:02 +0000  3865 bytes for ./mapapi.bundle/images/pin_red.png
copying file ./mapapi.bundle/images/pin_red@2x.png ... 
2017-10-20 01:38:02 +0000  5533 bytes for ./mapapi.bundle/images/pin_red@2x.png
2017-10-20 01:38:02 +0000  copying file ./MJRefresh.bundle/arrow@2x.png ... 
2017-10-20 01:38:02 +0000  1033 bytes for ./MJRefresh.bundle/arrow@2x.png
2017-10-20 01:38:02 +0000  copying file ./PkgInfo ... 
2017-10-20 01:38:02 +0000  8 bytes for ./PkgInfo
2017-10-20 01:38:02 +0000  copying file ./PYPhotosView.bundle/addimage.png ... 
2017-10-20 01:38:02 +0000  1077 bytes for ./PYPhotosView.bundle/addimage.png
copying file ./PYPhotosView.bundle/addimage@2x.png ... 
2017-10-20 01:38:02 +0000  1077 bytes for ./PYPhotosView.bundle/addimage@2x.png
2017-10-20 01:38:02 +0000  copying file ./PYPhotosView.bundle/addimage@3x.png ... 
2017-10-20 01:38:02 +0000  1077 bytes for ./PYPhotosView.bundle/addimage@3x.png
2017-10-20 01:38:02 +0000  copying file ./PYPhotosView.bundle/deleteimage.png ... 
2017-10-20 01:38:02 +0000  241 bytes for ./PYPhotosView.bundle/deleteimage.png
2017-10-20 01:38:02 +0000  copying file ./PYPhotosView.bundle/deleteimage@2x.png ... 
2017-10-20 01:38:02 +0000  241 bytes for ./PYPhotosView.bundle/deleteimage@2x.png
2017-10-20 01:38:02 +0000  copying file ./PYPhotosView.bundle/deleteimage@3x.png ... 
2017-10-20 01:38:02 +0000  476 bytes for ./PYPhotosView.bundle/deleteimage@3x.png
copying file ./PYPhotosView.bundle/imageerror.png ... 
2017-10-20 01:38:02 +0000  3420 bytes for ./PYPhotosView.bundle/imageerror.png
copying file ./PYPhotosView.bundle/imageerror@2x.png ... 
2017-10-20 01:38:02 +0000  3420 bytes for ./PYPhotosView.bundle/imageerror@2x.png
2017-10-20 01:38:02 +0000  copying file ./PYPhotosView.bundle/imageerror@3x.png ... 
2017-10-20 01:38:02 +0000  3420 bytes for ./PYPhotosView.bundle/imageerror@3x.png
2017-10-20 01:38:02 +0000  copying file ./PYPhotosView.bundle/placeholderimage.png ... 
2017-10-20 01:38:02 +0000  5975 bytes for ./PYPhotosView.bundle/placeholderimage.png
copying file ./PYPhotosView.bundle/placeholderimage@2x.png ... 
2017-10-20 01:38:02 +0000  9419 bytes for ./PYPhotosView.bundle/placeholderimage@2x.png
copying file ./PYPhotosView.bundle/placeholderimage@3x.png ... 
2017-10-20 01:38:02 +0000  15063 bytes for ./PYPhotosView.bundle/placeholderimage@3x.png
2017-10-20 01:38:02 +0000  copying file ./radio_checked.png ... 
2017-10-20 01:38:02 +0000  1717 bytes for ./radio_checked.png
copying file ./radio_unchecked.png ... 
2017-10-20 01:38:02 +0000  1480 bytes for ./radio_unchecked.png
2017-10-20 01:38:02 +0000  copying file ./SANQUAN.sqlite ... 
2017-10-20 01:38:02 +0000  310272 bytes for ./SANQUAN.sqlite
2017-10-20 01:38:02 +0000  copying file ./SLBHomePageCell.nib ... 
2017-10-20 01:38:02 +0000  4072 bytes for ./SLBHomePageCell.nib
2017-10-20 01:38:02 +0000  copying file ./TZImagePickerController.bundle/en.lproj/Localizable.strings ... 
2017-10-20 01:38:02 +0000  2594 bytes for ./TZImagePickerController.bundle/en.lproj/Localizable.strings
2017-10-20 01:38:02 +0000  copying file ./TZImagePickerController.bundle/MMVideoPreviewPlay@2x.png ... 
2017-10-20 01:38:02 +0000  3645 bytes for ./TZImagePickerController.bundle/MMVideoPreviewPlay@2x.png
copying file ./TZImagePickerController.bundle/MMVideoPreviewPlayHL@2x.png ... 
2017-10-20 01:38:02 +0000  3645 bytes for ./TZImagePickerController.bundle/MMVideoPreviewPlayHL@2x.png
2017-10-20 01:38:02 +0000  copying file ./TZImagePickerController.bundle/navi_back@2x.png ... 
2017-10-20 01:38:02 +0000  116 bytes for ./TZImagePickerController.bundle/navi_back@2x.png
2017-10-20 01:38:02 +0000  copying file ./TZImagePickerController.bundle/photo_def_photoPickerVc@2x.png ... 
2017-10-20 01:38:02 +0000  1155 bytes for ./TZImagePickerController.bundle/photo_def_photoPickerVc@2x.png
copying file ./TZImagePickerController.bundle/photo_def_previewVc@2x.png ... 
2017-10-20 01:38:02 +0000  1155 bytes for ./TZImagePickerController.bundle/photo_def_previewVc@2x.png
2017-10-20 01:38:02 +0000  copying file ./TZImagePickerController.bundle/photo_number_icon@2x.png ... 
2017-10-20 01:38:02 +0000  501 bytes for ./TZImagePickerController.bundle/photo_number_icon@2x.png
copying file ./TZImagePickerController.bundle/photo_original_def@2x.png ... 
2017-10-20 01:38:02 +0000  1602 bytes for ./TZImagePickerController.bundle/photo_original_def@2x.png
copying file ./TZImagePickerController.bundle/photo_original_sel@2x.png ... 
2017-10-20 01:38:02 +0000  620 bytes for ./TZImagePickerController.bundle/photo_original_sel@2x.png
2017-10-20 01:38:02 +0000  copying file ./TZImagePickerController.bundle/photo_sel_photoPickerVc@2x.png ... 
2017-10-20 01:38:02 +0000  1006 bytes for ./TZImagePickerController.bundle/photo_sel_photoPickerVc@2x.png
copying file ./TZImagePickerController.bundle/photo_sel_previewVc@2x.png ... 
2017-10-20 01:38:02 +0000  1183 bytes for ./TZImagePickerController.bundle/photo_sel_previewVc@2x.png
2017-10-20 01:38:02 +0000  copying file ./TZImagePickerController.bundle/preview_number_icon@2x.png ... 
2017-10-20 01:38:02 +0000  501 bytes for ./TZImagePickerController.bundle/preview_number_icon@2x.png
2017-10-20 01:38:02 +0000  copying file ./TZImagePickerController.bundle/preview_original_def@2x.png ... 
2017-10-20 01:38:02 +0000  392 bytes for ./TZImagePickerController.bundle/preview_original_def@2x.png
2017-10-20 01:38:02 +0000  copying file ./TZImagePickerController.bundle/Root.plist ... 
2017-10-20 01:38:02 +0000  1456 bytes for ./TZImagePickerController.bundle/Root.plist
2017-10-20 01:38:02 +0000  copying file ./TZImagePickerController.bundle/TableViewArrow@2x.png ... 
2017-10-20 01:38:02 +0000  299 bytes for ./TZImagePickerController.bundle/TableViewArrow@2x.png
2017-10-20 01:38:02 +0000  copying file ./TZImagePickerController.bundle/takePicture@2x.png ... 
2017-10-20 01:38:02 +0000  5924 bytes for ./TZImagePickerController.bundle/takePicture@2x.png
copying file ./TZImagePickerController.bundle/VideoSendIcon@2x.png ... 
2017-10-20 01:38:02 +0000  223 bytes for ./TZImagePickerController.bundle/VideoSendIcon@2x.png
2017-10-20 01:38:02 +0000  copying file ./TZImagePickerController.bundle/zh-Hans.lproj/Localizable.strings ... 
2017-10-20 01:38:02 +0000  1902 bytes for ./TZImagePickerController.bundle/zh-Hans.lproj/Localizable.strings
2017-10-20 01:38:02 +0000  copying file ./君乐宝标志.ai ... 
2017-10-20 01:38:02 +0000  102517 bytes for ./君乐宝标志.ai
2017-10-20 01:38:02 +0000  /usr/bin/ditto exited with 0
2017-10-20 01:38:02 +0000  Processing step: IDEDistributionEmbedProfileStep
2017-10-20 01:38:02 +0000  Processing step: IDEDistributionAppThinningPlistStep
2017-10-20 01:38:02 +0000  Skipping step: IDEDistributionAppThinningPlistStep because it said so
2017-10-20 01:38:02 +0000  Processing step: IDEDistributionCompileBitcodeStep
2017-10-20 01:38:02 +0000  Skipping step: IDEDistributionCompileBitcodeStep because it said so
2017-10-20 01:38:02 +0000  Processing step: IDEDistributionCodeSlimmingStep
2017-10-20 01:38:02 +0000  Processing step: IDEDistributionCopyBCSymbolMapsStep
2017-10-20 01:38:02 +0000  Skipping step: IDEDistributionCopyBCSymbolMapsStep because it said so
2017-10-20 01:38:02 +0000  Processing step: IDEDistributionSymbolsStep
2017-10-20 01:38:02 +0000  Skipping step: IDEDistributionSymbolsStep because it said so
2017-10-20 01:38:02 +0000  Processing step: IDEDistributionAppThinningStep
2017-10-20 01:38:02 +0000  Skipping step: IDEDistributionAppThinningStep because it said so
2017-10-20 01:38:02 +0000  Processing step: IDEDistributionODRStep
2017-10-20 01:38:02 +0000  Processing step: IDEDistributionStripXattrsStep
2017-10-20 01:38:02 +0000  Running /usr/bin/xattr '-cr' '/var/folders/v7/byfc44vs7p18cjpzf2x34xq80000gn/T/XcodeDistPipeline.mPw/Root/Payload/JLB_Customer.app'
2017-10-20 01:38:02 +0000  /usr/bin/xattr exited with 0
2017-10-20 01:38:02 +0000  Processing step: IDEDistributionCodesignStep
2017-10-20 01:38:02 +0000  Applying entitlements delta for <IDEDistributionItem: 0x7fd101b57040 'com.biz.junlebaodrp' '<DVTFilePath:0x7fd0fea61d30:'/Users/huanglu/Library/Developer/Xcode/Archives/2017-10-20/JLB_Customer 2017-10-20 09.36.xcarchive/Products/Applications/JLB_Customer.app'>'> from <IDEiCloudEntitlementsProcessor: 0x7fd1058863c0>: {
}
2017-10-20 01:38:02 +0000  Entitlements for <IDEDistributionItem: 0x7fd101b57040 'com.biz.junlebaodrp' '<DVTFilePath:0x7fd0fea61d30:'/Users/huanglu/Library/Developer/Xcode/Archives/2017-10-20/JLB_Customer 2017-10-20 09.36.xcarchive/Products/Applications/JLB_Customer.app'>'>: {
    "application-identifier" = "2F85MS5QM7.com.biz.junlebaodrp";
    "com.apple.developer.team-identifier" = 2F85MS5QM7;
    "get-task-allow" = 1;
    "keychain-access-groups" =     (
        "2F85MS5QM7.com.biz.junlebaodrp"
    );
}
2017-10-20 01:38:02 +0000  Writing entitlements for <IDEDistributionItem: 0x7fd101b57040 'com.biz.junlebaodrp' '<DVTFilePath:0x7fd0fea61d30:'/Users/huanglu/Library/Developer/Xcode/Archives/2017-10-20/JLB_Customer 2017-10-20 09.36.xcarchive/Products/Applications/JLB_Customer.app'>'> to: /var/folders/v7/byfc44vs7p18cjpzf2x34xq80000gn/T/XcodeDistPipeline.mPw/entitlementsrLvGIf
2017-10-20 01:38:02 +0000  Running /usr/bin/codesign '-vvv' '--force' '--sign' 'C20CDE09300F1EE759152AE12C3CEC8CCA2D7BCE' '--preserve-metadata=identifier,flags' '--entitlements' '/var/folders/v7/byfc44vs7p18cjpzf2x34xq80000gn/T/XcodeDistPipeline.mPw/entitlementsrLvGIf' '/var/folders/v7/byfc44vs7p18cjpzf2x34xq80000gn/T/XcodeDistPipeline.mPw/Root/Payload/JLB_Customer.app'
2017-10-20 01:38:02 +0000  /var/folders/v7/byfc44vs7p18cjpzf2x34xq80000gn/T/XcodeDistPipeline.mPw/Root/Payload/JLB_Customer.app: replacing existing signature
2017-10-20 01:38:03 +0000  /var/folders/v7/byfc44vs7p18cjpzf2x34xq80000gn/T/XcodeDistPipeline.mPw/Root/Payload/JLB_Customer.app: signed app bundle with Mach-O universal (armv7 arm64) [com.biz.junlebaodrp]
2017-10-20 01:38:03 +0000  /usr/bin/codesign exited with 0
2017-10-20 01:38:03 +0000  Processing step: IDEDistributionStreamingZipItemStep
2017-10-20 01:38:03 +0000  Skipping step: IDEDistributionStreamingZipItemStep because it said so
2017-10-20 01:38:03 +0000  Processing step: IDEDistributionCreateIPAStep
2017-10-20 01:38:03 +0000  Running /usr/bin/ditto '-V' '-c' '-k' '--norsrc' '/var/folders/v7/byfc44vs7p18cjpzf2x34xq80000gn/T/XcodeDistPipeline.mPw/Root' '/var/folders/v7/byfc44vs7p18cjpzf2x34xq80000gn/T/XcodeDistPipeline.mPw/Packages/JLB_Customer.ipa'
2017-10-20 01:38:03 +0000  >>> Copying /var/folders/v7/byfc44vs7p18cjpzf2x34xq80000gn/T/XcodeDistPipeline.mPw/Root 
2017-10-20 01:38:03 +0000  copying file ./Payload/JLB_Customer.app/_CodeSignature/CodeResources ... 
2017-10-20 01:38:03 +0000  78513 bytes for ./Payload/JLB_Customer.app/_CodeSignature/CodeResources
2017-10-20 01:38:03 +0000  copying file ./Payload/JLB_Customer.app/AppIcon20x20@2x.png ... 
2017-10-20 01:38:03 +0000  2468 bytes for ./Payload/JLB_Customer.app/AppIcon20x20@2x.png
copying file ./Payload/JLB_Customer.app/AppIcon20x20@3x.png ... 
4012 bytes for ./Payload/JLB_Customer.app/AppIcon20x20@3x.png
2017-10-20 01:38:03 +0000  copying file ./Payload/JLB_Customer.app/AppIcon29x29@2x.png ... 
2017-10-20 01:38:03 +0000  4238 bytes for ./Payload/JLB_Customer.app/AppIcon29x29@2x.png
copying file ./Payload/JLB_Customer.app/AppIcon29x29@3x.png ... 
2017-10-20 01:38:03 +0000  6059 bytes for ./Payload/JLB_Customer.app/AppIcon29x29@3x.png
copying file ./Payload/JLB_Customer.app/AppIcon40x40@2x.png ... 
2017-10-20 01:38:03 +0000  6131 bytes for ./Payload/JLB_Customer.app/AppIcon40x40@2x.png
copying file ./Payload/JLB_Customer.app/AppIcon40x40@3x.png ... 
2017-10-20 01:38:03 +0000  8370 bytes for ./Payload/JLB_Customer.app/AppIcon40x40@3x.png
copying file ./Payload/JLB_Customer.app/AppIcon60x60@2x.png ... 
2017-10-20 01:38:03 +0000  8370 bytes for ./Payload/JLB_Customer.app/AppIcon60x60@2x.png
copying file ./Payload/JLB_Customer.app/AppIcon60x60@3x.png ... 
2017-10-20 01:38:03 +0000  11928 bytes for ./Payload/JLB_Customer.app/AppIcon60x60@3x.png
copying file ./Payload/JLB_Customer.app/archived-expanded-entitlements.xcent ... 
2017-10-20 01:38:03 +0000  376 bytes for ./Payload/JLB_Customer.app/archived-expanded-entitlements.xcent
copying file ./Payload/JLB_Customer.app/Assets.car ... 
2017-10-20 01:38:03 +0000  2073784 bytes for ./Payload/JLB_Customer.app/Assets.car
2017-10-20 01:38:03 +0000  copying file ./Payload/JLB_Customer.app/Base.lproj/LaunchScreen.storyboardc/01J-lp-oVM-view-Ze5-6b-2t3.nib ... 
2017-10-20 01:38:03 +0000  2280 bytes for ./Payload/JLB_Customer.app/Base.lproj/LaunchScreen.storyboardc/01J-lp-oVM-view-Ze5-6b-2t3.nib
copying file ./Payload/JLB_Customer.app/Base.lproj/LaunchScreen.storyboardc/Info.plist ... 
2017-10-20 01:38:03 +0000  258 bytes for ./Payload/JLB_Customer.app/Base.lproj/LaunchScreen.storyboardc/Info.plist
copying file ./Payload/JLB_Customer.app/Base.lproj/LaunchScreen.storyboardc/UIViewController-01J-lp-oVM.nib ... 
2017-10-20 01:38:03 +0000  832 bytes for ./Payload/JLB_Customer.app/Base.lproj/LaunchScreen.storyboardc/UIViewController-01J-lp-oVM.nib
2017-10-20 01:38:03 +0000  copying file ./Payload/JLB_Customer.app/checkbox_checked.png ... 
2017-10-20 01:38:03 +0000  4465 bytes for ./Payload/JLB_Customer.app/checkbox_checked.png
copying file ./Payload/JLB_Customer.app/checkbox_uncheck.png ... 
2017-10-20 01:38:03 +0000  4378 bytes for ./Payload/JLB_Customer.app/checkbox_uncheck.png
copying file ./Payload/JLB_Customer.app/DCImageView.nib ... 
2017-10-20 01:38:03 +0000  1468 bytes for ./Payload/JLB_Customer.app/DCImageView.nib
copying file ./Payload/JLB_Customer.app/DCLoginViewController.nib ... 
2017-10-20 01:38:03 +0000  6419 bytes for ./Payload/JLB_Customer.app/DCLoginViewController.nib
2017-10-20 01:38:03 +0000  copying file ./Payload/JLB_Customer.app/DPClientKit.bundle/Info.plist ... 
2017-10-20 01:38:03 +0000  719 bytes for ./Payload/JLB_Customer.app/DPClientKit.bundle/Info.plist
2017-10-20 01:38:03 +0000  copying file ./Payload/JLB_Customer.app/DPToolKit.bundle/DPToolKit.bundle/PhotoImageCell.xib ... 
2017-10-20 01:38:03 +0000  3657 bytes for ./Payload/JLB_Customer.app/DPToolKit.bundle/DPToolKit.bundle/PhotoImageCell.xib
2017-10-20 01:38:03 +0000  copying file ./Payload/JLB_Customer.app/DPToolKit.bundle/DPToolKit.bundle/photosCamera@2x.png ... 
2017-10-20 01:38:03 +0000  2949 bytes for ./Payload/JLB_Customer.app/DPToolKit.bundle/DPToolKit.bundle/photosCamera@2x.png
copying file ./Payload/JLB_Customer.app/DPToolKit.bundle/DPToolKit.bundle/photosCamera@3x.png ... 
2017-10-20 01:38:03 +0000  4039 bytes for ./Payload/JLB_Customer.app/DPToolKit.bundle/DPToolKit.bundle/photosCamera@3x.png
2017-10-20 01:38:03 +0000  copying file ./Payload/JLB_Customer.app/DPToolKit.bundle/DPToolKit.bundle/photosImagenormal@2x.png ... 
2017-10-20 01:38:03 +0000  1840 bytes for ./Payload/JLB_Customer.app/DPToolKit.bundle/DPToolKit.bundle/photosImagenormal@2x.png
copying file ./Payload/JLB_Customer.app/DPToolKit.bundle/DPToolKit.bundle/photosImagenormal@3x.png ... 
2353 bytes for ./Payload/JLB_Customer.app/DPToolKit.bundle/DPToolKit.bundle/photosImagenormal@3x.png
copying file ./Payload/JLB_Customer.app/DPToolKit.bundle/DPToolKit.bundle/photosImageselected@2x.png ... 
2061 bytes for ./Payload/JLB_Customer.app/DPToolKit.bundle/DPToolKit.bundle/photosImageselected@2x.png
copying file ./Payload/JLB_Customer.app/DPToolKit.bundle/DPToolKit.bundle/photosImageselected@3x.png ... 
2735 bytes for ./Payload/JLB_Customer.app/DPToolKit.bundle/DPToolKit.bundle/photosImageselected@3x.png
copying file ./Payload/JLB_Customer.app/DPToolKit.bundle/DPToolKit.bundle/Request_Error@2x.png ... 
2510 bytes for ./Payload/JLB_Customer.app/DPToolKit.bundle/DPToolKit.bundle/Request_Error@2x.png
copying file ./Payload/JLB_Customer.app/DPToolKit.bundle/DPToolKit.bundle/Request_Error@3x.png ... 
3412 bytes for ./Payload/JLB_Customer.app/DPToolKit.bundle/DPToolKit.bundle/Request_Error@3x.png
copying file ./Payload/JLB_Customer.app/DPToolKit.bundle/DPToolKit.bundle/Request_Success@2x.png ... 
2017-10-20 01:38:03 +0000  2648 bytes for ./Payload/JLB_Customer.app/DPToolKit.bundle/DPToolKit.bundle/Request_Success@2x.png
copying file ./Payload/JLB_Customer.app/DPToolKit.bundle/DPToolKit.bundle/Request_Success@3x.png ... 
3793 bytes for ./Payload/JLB_Customer.app/DPToolKit.bundle/DPToolKit.bundle/Request_Success@3x.png
copying file ./Payload/JLB_Customer.app/DPToolKit.bundle/DPToolKit.bundle/ZJExampleFilterCell.xib ... 
3975 bytes for ./Payload/JLB_Customer.app/DPToolKit.bundle/DPToolKit.bundle/ZJExampleFilterCell.xib
copying file ./Payload/JLB_Customer.app/DPToolKit.bundle/DPToolKit.bundle/ZJImageFilterVC.xib ... 
2017-10-20 01:38:03 +0000  4943 bytes for ./Payload/JLB_Customer.app/DPToolKit.bundle/DPToolKit.bundle/ZJImageFilterVC.xib
copying file ./Payload/JLB_Customer.app/DPToolKit.bundle/DPToolKit.bundle/ZJNeedFilerCell.xib ... 
2017-10-20 01:38:03 +0000  2490 bytes for ./Payload/JLB_Customer.app/DPToolKit.bundle/DPToolKit.bundle/ZJNeedFilerCell.xib
copying file ./Payload/JLB_Customer.app/DPToolKit.bundle/Info.plist ... 
2017-10-20 01:38:03 +0000  714 bytes for ./Payload/JLB_Customer.app/DPToolKit.bundle/Info.plist
copying file ./Payload/JLB_Customer.app/DPToolKit.bundle/PhotoImageCell.xib ... 
2017-10-20 01:38:03 +0000  3657 bytes for ./Payload/JLB_Customer.app/DPToolKit.bundle/PhotoImageCell.xib
copying file ./Payload/JLB_Customer.app/DPToolKit.bundle/photosCamera@2x.png ... 
2017-10-20 01:38:03 +0000  2949 bytes for ./Payload/JLB_Customer.app/DPToolKit.bundle/photosCamera@2x.png
2017-10-20 01:38:03 +0000  copying file ./Payload/JLB_Customer.app/DPToolKit.bundle/photosCamera@3x.png ... 
2017-10-20 01:38:03 +0000  4039 bytes for ./Payload/JLB_Customer.app/DPToolKit.bundle/photosCamera@3x.png
copying file ./Payload/JLB_Customer.app/DPToolKit.bundle/photosImagenormal@2x.png ... 
2017-10-20 01:38:03 +0000  1840 bytes for ./Payload/JLB_Customer.app/DPToolKit.bundle/photosImagenormal@2x.png
copying file ./Payload/JLB_Customer.app/DPToolKit.bundle/photosImagenormal@3x.png ... 
2017-10-20 01:38:03 +0000  2353 bytes for ./Payload/JLB_Customer.app/DPToolKit.bundle/photosImagenormal@3x.png
copying file ./Payload/JLB_Customer.app/DPToolKit.bundle/photosImageselected@2x.png ... 
2061 bytes for ./Payload/JLB_Customer.app/DPToolKit.bundle/photosImageselected@2x.png
copying file ./Payload/JLB_Customer.app/DPToolKit.bundle/photosImageselected@3x.png ... 
2735 bytes for ./Payload/JLB_Customer.app/DPToolKit.bundle/photosImageselected@3x.png
copying file ./Payload/JLB_Customer.app/DPToolKit.bundle/Request_Error@2x.png ... 
2510 bytes for ./Payload/JLB_Customer.app/DPToolKit.bundle/Request_Error@2x.png
copying file ./Payload/JLB_Customer.app/DPToolKit.bundle/Request_Error@3x.png ... 
3412 bytes for ./Payload/JLB_Customer.app/DPToolKit.bundle/Request_Error@3x.png
copying file ./Payload/JLB_Customer.app/DPToolKit.bundle/Request_Success@2x.png ... 
2648 bytes for ./Payload/JLB_Customer.app/DPToolKit.bundle/Request_Success@2x.png
copying file ./Payload/JLB_Customer.app/DPToolKit.bundle/Request_Success@3x.png ... 
3793 bytes for ./Payload/JLB_Customer.app/DPToolKit.bundle/Request_Success@3x.png
copying file ./Payload/JLB_Customer.app/DPToolKit.bundle/ZJExampleFilterCell.xib ... 
3975 bytes for ./Payload/JLB_Customer.app/DPToolKit.bundle/ZJExampleFilterCell.xib
copying file ./Payload/JLB_Customer.app/DPToolKit.bundle/ZJImageFilterVC.xib ... 
4943 bytes for ./Payload/JLB_Customer.app/DPToolKit.bundle/ZJImageFilterVC.xib
copying file ./Payload/JLB_Customer.app/DPToolKit.bundle/ZJNeedFilerCell.xib ... 
2490 bytes for ./Payload/JLB_Customer.app/DPToolKit.bundle/ZJNeedFilerCell.xib
copying file ./Payload/JLB_Customer.app/embedded.mobileprovision ... 
22078 bytes for ./Payload/JLB_Customer.app/embedded.mobileprovision
copying file ./Payload/JLB_Customer.app/Empty.nib ... 
478 bytes for ./Payload/JLB_Customer.app/Empty.nib
copying file ./Payload/JLB_Customer.app/Info.plist ... 
1460 bytes for ./Payload/JLB_Customer.app/Info.plist
copying file ./Payload/JLB_Customer.app/IQKeyboardManager.bundle/de.lproj/IQKeyboardManager.strings ... 
489 bytes for ./Payload/JLB_Customer.app/IQKeyboardManager.bundle/de.lproj/IQKeyboardManager.strings
copying file ./Payload/JLB_Customer.app/IQKeyboardManager.bundle/en.lproj/IQKeyboardManager.strings ... 
2017-10-20 01:38:03 +0000  474 bytes for ./Payload/JLB_Customer.app/IQKeyboardManager.bundle/en.lproj/IQKeyboardManager.strings
copying file ./Payload/JLB_Customer.app/IQKeyboardManager.bundle/es.lproj/IQKeyboardManager.strings ... 
2017-10-20 01:38:03 +0000  496 bytes for ./Payload/JLB_Customer.app/IQKeyboardManager.bundle/es.lproj/IQKeyboardManager.strings
copying file ./Payload/JLB_Customer.app/IQKeyboardManager.bundle/fr.lproj/IQKeyboardManager.strings ... 
2017-10-20 01:38:03 +0000  497 bytes for ./Payload/JLB_Customer.app/IQKeyboardManager.bundle/fr.lproj/IQKeyboardManager.strings
copying file ./Payload/JLB_Customer.app/IQKeyboardManager.bundle/IQButtonBarArrowDown@2x.png ... 
1764 bytes for ./Payload/JLB_Customer.app/IQKeyboardManager.bundle/IQButtonBarArrowDown@2x.png
copying file ./Payload/JLB_Customer.app/IQKeyboardManager.bundle/IQButtonBarArrowDown@3x.png ... 
2177 bytes for ./Payload/JLB_Customer.app/IQKeyboardManager.bundle/IQButtonBarArrowDown@3x.png
copying file ./Payload/JLB_Customer.app/IQKeyboardManager.bundle/IQButtonBarArrowLeft@2x.png ... 
1793 bytes for ./Payload/JLB_Customer.app/IQKeyboardManager.bundle/IQButtonBarArrowLeft@2x.png
copying file ./Payload/JLB_Customer.app/IQKeyboardManager.bundle/IQButtonBarArrowLeft@3x.png ... 
1815 bytes for ./Payload/JLB_Customer.app/IQKeyboardManager.bundle/IQButtonBarArrowLeft@3x.png
copying file ./Payload/JLB_Customer.app/IQKeyboardManager.bundle/IQButtonBarArrowRight@2x.png ... 
1786 bytes for ./Payload/JLB_Customer.app/IQKeyboardManager.bundle/IQButtonBarArrowRight@2x.png
copying file ./Payload/JLB_Customer.app/IQKeyboardManager.bundle/IQButtonBarArrowRight@3x.png ... 
1844 bytes for ./Payload/JLB_Customer.app/IQKeyboardManager.bundle/IQButtonBarArrowRight@3x.png
copying file ./Payload/JLB_Customer.app/IQKeyboardManager.bundle/IQButtonBarArrowUp@2x.png ... 
1769 bytes for ./Payload/JLB_Customer.app/IQKeyboardManager.bundle/IQButtonBarArrowUp@2x.png
copying file ./Payload/JLB_Customer.app/IQKeyboardManager.bundle/IQButtonBarArrowUp@3x.png ... 
2164 bytes for ./Payload/JLB_Customer.app/IQKeyboardManager.bundle/IQButtonBarArrowUp@3x.png
copying file ./Payload/JLB_Customer.app/IQKeyboardManager.bundle/zh-Hans/IQKeyboardManager.strings ... 
479 bytes for ./Payload/JLB_Customer.app/IQKeyboardManager.bundle/zh-Hans/IQKeyboardManager.strings
copying file ./Payload/JLB_Customer.app/IQKeyboardManager.bundle/zh-Hant/IQKeyboardManager.strings ... 
479 bytes for ./Payload/JLB_Customer.app/IQKeyboardManager.bundle/zh-Hant/IQKeyboardManager.strings
copying file ./Payload/JLB_Customer.app/JLB_Customer ... 
2017-10-20 01:38:04 +0000  18715504 bytes for ./Payload/JLB_Customer.app/JLB_Customer
copying file ./Payload/JLB_Customer.app/JLBAboutUSVC.nib ... 
2017-10-20 01:38:04 +0000  4839 bytes for ./Payload/JLB_Customer.app/JLBAboutUSVC.nib
2017-10-20 01:38:04 +0000  copying file ./Payload/JLB_Customer.app/JLBActivityPhotoCell.nib ... 
2017-10-20 01:38:04 +0000  3261 bytes for ./Payload/JLB_Customer.app/JLBActivityPhotoCell.nib
copying file ./Payload/JLB_Customer.app/JLBActivityTakePhotoVC.nib ... 
2017-10-20 01:38:04 +0000  3843 bytes for ./Payload/JLB_Customer.app/JLBActivityTakePhotoVC.nib
copying file ./Payload/JLB_Customer.app/JLBActSeasonNumCell.nib ... 
2017-10-20 01:38:04 +0000  4731 bytes for ./Payload/JLB_Customer.app/JLBActSeasonNumCell.nib
2017-10-20 01:38:04 +0000  copying file ./Payload/JLB_Customer.app/JLBAddCubCell.nib ... 
2017-10-20 01:38:04 +0000  3673 bytes for ./Payload/JLB_Customer.app/JLBAddCubCell.nib
copying file ./Payload/JLB_Customer.app/JLBAddNewIceCubVC.nib ... 
2017-10-20 01:38:04 +0000  3571 bytes for ./Payload/JLB_Customer.app/JLBAddNewIceCubVC.nib
copying file ./Payload/JLB_Customer.app/JLBAgencyCell.nib ... 
2017-10-20 01:38:04 +0000  2764 bytes for ./Payload/JLB_Customer.app/JLBAgencyCell.nib
copying file ./Payload/JLB_Customer.app/JLBAgencySearchVC.nib ... 
2017-10-20 01:38:04 +0000  4438 bytes for ./Payload/JLB_Customer.app/JLBAgencySearchVC.nib
copying file ./Payload/JLB_Customer.app/JLBChannelPickerView.nib ... 
2017-10-20 01:38:04 +0000  3538 bytes for ./Payload/JLB_Customer.app/JLBChannelPickerView.nib
copying file ./Payload/JLB_Customer.app/JLBCheckBoxChooseCell.nib ... 
2017-10-20 01:38:04 +0000  4295 bytes for ./Payload/JLB_Customer.app/JLBCheckBoxChooseCell.nib
copying file ./Payload/JLB_Customer.app/JLBChooseDistrictView.nib ... 
2017-10-20 01:38:04 +0000  4703 bytes for ./Payload/JLB_Customer.app/JLBChooseDistrictView.nib
copying file ./Payload/JLB_Customer.app/JLBContactCell.nib ... 
2017-10-20 01:38:04 +0000  3227 bytes for ./Payload/JLB_Customer.app/JLBContactCell.nib
copying file ./Payload/JLB_Customer.app/JLBCustomAddCell.nib ... 
2017-10-20 01:38:04 +0000  4491 bytes for ./Payload/JLB_Customer.app/JLBCustomAddCell.nib
copying file ./Payload/JLB_Customer.app/JLBCustomerInfoVC.nib ... 
2017-10-20 01:38:04 +0000  4077 bytes for ./Payload/JLB_Customer.app/JLBCustomerInfoVC.nib
copying file ./Payload/JLB_Customer.app/JLBCustomerListCell.nib ... 
2017-10-20 01:38:04 +0000  4141 bytes for ./Payload/JLB_Customer.app/JLBCustomerListCell.nib
copying file ./Payload/JLB_Customer.app/JLBDateTimeCell.nib ... 
2017-10-20 01:38:04 +0000  4148 bytes for ./Payload/JLB_Customer.app/JLBDateTimeCell.nib
copying file ./Payload/JLB_Customer.app/JLBHomePageVC.nib ... 
2017-10-20 01:38:04 +0000  4985 bytes for ./Payload/JLB_Customer.app/JLBHomePageVC.nib
copying file ./Payload/JLB_Customer.app/JLBIceCubCell.nib ... 
2017-10-20 01:38:04 +0000  4258 bytes for ./Payload/JLB_Customer.app/JLBIceCubCell.nib
copying file ./Payload/JLB_Customer.app/JLBIceCubListsVC.nib ... 
2017-10-20 01:38:04 +0000  2496 bytes for ./Payload/JLB_Customer.app/JLBIceCubListsVC.nib
copying file ./Payload/JLB_Customer.app/JLBInputCell.nib ... 
2017-10-20 01:38:04 +0000  3373 bytes for ./Payload/JLB_Customer.app/JLBInputCell.nib
copying file ./Payload/JLB_Customer.app/JLBInputContentCell.nib ... 
2017-10-20 01:38:04 +0000  4577 bytes for ./Payload/JLB_Customer.app/JLBInputContentCell.nib
copying file ./Payload/JLB_Customer.app/JLBKnowledgeCell.nib ... 
2017-10-20 01:38:04 +0000  4521 bytes for ./Payload/JLB_Customer.app/JLBKnowledgeCell.nib
copying file ./Payload/JLB_Customer.app/JLBKnowledgetContentCell.nib ... 
2017-10-20 01:38:04 +0000  4350 bytes for ./Payload/JLB_Customer.app/JLBKnowledgetContentCell.nib
copying file ./Payload/JLB_Customer.app/JLBLeftEdgetView.nib ... 
2017-10-20 01:38:04 +0000  941 bytes for ./Payload/JLB_Customer.app/JLBLeftEdgetView.nib
copying file ./Payload/JLB_Customer.app/JLBLocationCell.nib ... 
2017-10-20 01:38:04 +0000  3993 bytes for ./Payload/JLB_Customer.app/JLBLocationCell.nib
copying file ./Payload/JLB_Customer.app/JLBMapVC.nib ... 
2017-10-20 01:38:04 +0000  6253 bytes for ./Payload/JLB_Customer.app/JLBMapVC.nib
copying file ./Payload/JLB_Customer.app/JLBMarketACVC.nib ... 
2017-10-20 01:38:04 +0000  3067 bytes for ./Payload/JLB_Customer.app/JLBMarketACVC.nib
copying file ./Payload/JLB_Customer.app/JLBMarkInfoView.nib ... 
2017-10-20 01:38:04 +0000  3862 bytes for ./Payload/JLB_Customer.app/JLBMarkInfoView.nib
copying file ./Payload/JLB_Customer.app/JLBMdifyPassVC.nib ... 
2017-10-20 01:38:04 +0000  5448 bytes for ./Payload/JLB_Customer.app/JLBMdifyPassVC.nib
copying file ./Payload/JLB_Customer.app/JLBMutalContentsCell.nib ... 
2017-10-20 01:38:04 +0000  3881 bytes for ./Payload/JLB_Customer.app/JLBMutalContentsCell.nib
copying file ./Payload/JLB_Customer.app/JLBMutilTitleContentCell.nib ... 
2017-10-20 01:38:04 +0000  2838 bytes for ./Payload/JLB_Customer.app/JLBMutilTitleContentCell.nib
copying file ./Payload/JLB_Customer.app/JLBMutleTextCell.nib ... 
2017-10-20 01:38:04 +0000  3732 bytes for ./Payload/JLB_Customer.app/JLBMutleTextCell.nib
copying file ./Payload/JLB_Customer.app/JLBMyStoreApplyVC.nib ... 
2017-10-20 01:38:04 +0000  3847 bytes for ./Payload/JLB_Customer.app/JLBMyStoreApplyVC.nib
copying file ./Payload/JLB_Customer.app/JLBNoteInfoVC.nib ... 
2017-10-20 01:38:04 +0000  3844 bytes for ./Payload/JLB_Customer.app/JLBNoteInfoVC.nib
2017-10-20 01:38:04 +0000  copying file ./Payload/JLB_Customer.app/JLBNoTermialAcCell.nib ... 
2017-10-20 01:38:04 +0000  5148 bytes for ./Payload/JLB_Customer.app/JLBNoTermialAcCell.nib
copying file ./Payload/JLB_Customer.app/JLBNotTerminalActCell.nib ... 
2017-10-20 01:38:04 +0000  3945 bytes for ./Payload/JLB_Customer.app/JLBNotTerminalActCell.nib
copying file ./Payload/JLB_Customer.app/JLBOffLineCell.nib ... 
2017-10-20 01:38:04 +0000  3077 bytes for ./Payload/JLB_Customer.app/JLBOffLineCell.nib
copying file ./Payload/JLB_Customer.app/JLBRadioCell.nib ... 
2017-10-20 01:38:04 +0000  3198 bytes for ./Payload/JLB_Customer.app/JLBRadioCell.nib
2017-10-20 01:38:04 +0000  copying file ./Payload/JLB_Customer.app/JLBRadioChooseCell.nib ... 
2017-10-20 01:38:04 +0000  4356 bytes for ./Payload/JLB_Customer.app/JLBRadioChooseCell.nib
2017-10-20 01:38:04 +0000  copying file ./Payload/JLB_Customer.app/JLBScanWidgeVC.nib ... 
2017-10-20 01:38:04 +0000  1709 bytes for ./Payload/JLB_Customer.app/JLBScanWidgeVC.nib
copying file ./Payload/JLB_Customer.app/JLBStoreCheckVC.nib ... 
2017-10-20 01:38:04 +0000  5284 bytes for ./Payload/JLB_Customer.app/JLBStoreCheckVC.nib
2017-10-20 01:38:04 +0000  copying file ./Payload/JLB_Customer.app/JLBStoreListVC.nib ... 
2017-10-20 01:38:04 +0000  3891 bytes for ./Payload/JLB_Customer.app/JLBStoreListVC.nib
copying file ./Payload/JLB_Customer.app/JLBStorePhotoCell.nib ... 
2017-10-20 01:38:04 +0000  3830 bytes for ./Payload/JLB_Customer.app/JLBStorePhotoCell.nib
copying file ./Payload/JLB_Customer.app/JLBTakePhotoCell.nib ... 
2017-10-20 01:38:04 +0000  3795 bytes for ./Payload/JLB_Customer.app/JLBTakePhotoCell.nib
copying file ./Payload/JLB_Customer.app/JLBTempTerminalCell.nib ... 
2017-10-20 01:38:04 +0000  4318 bytes for ./Payload/JLB_Customer.app/JLBTempTerminalCell.nib
copying file ./Payload/JLB_Customer.app/JLBTempWorkListCell.nib ... 
2017-10-20 01:38:04 +0000  3467 bytes for ./Payload/JLB_Customer.app/JLBTempWorkListCell.nib
copying file ./Payload/JLB_Customer.app/JLBTermianlAcCell.nib ... 
2017-10-20 01:38:04 +0000  4683 bytes for ./Payload/JLB_Customer.app/JLBTermianlAcCell.nib
copying file ./Payload/JLB_Customer.app/JLBTerminalAcListVC.nib ... 
2017-10-20 01:38:04 +0000  2532 bytes for ./Payload/JLB_Customer.app/JLBTerminalAcListVC.nib
copying file ./Payload/JLB_Customer.app/JLBTitleContentCell.nib ... 
2017-10-20 01:38:04 +0000  3384 bytes for ./Payload/JLB_Customer.app/JLBTitleContentCell.nib
copying file ./Payload/JLB_Customer.app/JLBUserInfoVC.nib ... 
2017-10-20 01:38:04 +0000  4093 bytes for ./Payload/JLB_Customer.app/JLBUserInfoVC.nib
copying file ./Payload/JLB_Customer.app/JLBValideTerminalCell.nib ... 
2017-10-20 01:38:04 +0000  1176 bytes for ./Payload/JLB_Customer.app/JLBValideTerminalCell.nib
2017-10-20 01:38:04 +0000  copying file ./Payload/JLB_Customer.app/mapapi.bundle/files/cfg/a/CustomIndex ... 
2017-10-20 01:38:04 +0000  11327 bytes for ./Payload/JLB_Customer.app/mapapi.bundle/files/cfg/a/CustomIndex
copying file ./Payload/JLB_Customer.app/mapapi.bundle/files/cfg/a/DVDirectory.cfg ... 
2017-10-20 01:38:04 +0000  138510 bytes for ./Payload/JLB_Customer.app/mapapi.bundle/files/cfg/a/DVDirectory.cfg
copying file ./Payload/JLB_Customer.app/mapapi.bundle/files/cfg/a/DVHotcity.cfg ... 
2017-10-20 01:38:04 +0000  1937 bytes for ./Payload/JLB_Customer.app/mapapi.bundle/files/cfg/a/DVHotcity.cfg
copying file ./Payload/JLB_Customer.app/mapapi.bundle/files/cfg/a/DVHotMap.cfg ... 
2017-10-20 01:38:04 +0000  11174 bytes for ./Payload/JLB_Customer.app/mapapi.bundle/files/cfg/a/DVHotMap.cfg
2017-10-20 01:38:04 +0000  copying file ./Payload/JLB_Customer.app/mapapi.bundle/files/cfg/a/DVSDirectory.cfg ... 
2017-10-20 01:38:04 +0000  7483 bytes for ./Payload/JLB_Customer.app/mapapi.bundle/files/cfg/a/DVSDirectory.cfg
copying file ./Payload/JLB_Customer.app/mapapi.bundle/files/cfg/a/DVStreet.cfg ... 
2017-10-20 01:38:04 +0000  24669 bytes for ./Payload/JLB_Customer.app/mapapi.bundle/files/cfg/a/DVStreet.cfg
copying file ./Payload/JLB_Customer.app/mapapi.bundle/files/cfg/a/DVVersion.cfg ... 
2017-10-20 01:38:04 +0000  700 bytes for ./Payload/JLB_Customer.app/mapapi.bundle/files/cfg/a/DVVersion.cfg
copying file ./Payload/JLB_Customer.app/mapapi.bundle/files/cfg/a/mode_1/bus.sty ... 
2017-10-20 01:38:04 +0000  450779 bytes for ./Payload/JLB_Customer.app/mapapi.bundle/files/cfg/a/mode_1/bus.sty
copying file ./Payload/JLB_Customer.app/mapapi.bundle/files/cfg/a/mode_1/car.sty ... 
2017-10-20 01:38:04 +0000  342834 bytes for ./Payload/JLB_Customer.app/mapapi.bundle/files/cfg/a/mode_1/car.sty
copying file ./Payload/JLB_Customer.app/mapapi.bundle/files/cfg/a/mode_1/cycle.sty ... 
2017-10-20 01:38:04 +0000  469495 bytes for ./Payload/JLB_Customer.app/mapapi.bundle/files/cfg/a/mode_1/cycle.sty
copying file ./Payload/JLB_Customer.app/mapapi.bundle/files/cfg/a/mode_1/map.rs ... 
2017-10-20 01:38:04 +0000  858906 bytes for ./Payload/JLB_Customer.app/mapapi.bundle/files/cfg/a/mode_1/map.rs
2017-10-20 01:38:04 +0000  copying file ./Payload/JLB_Customer.app/mapapi.bundle/files/cfg/a/mode_1/map.sty ... 
2017-10-20 01:38:04 +0000  930760 bytes for ./Payload/JLB_Customer.app/mapapi.bundle/files/cfg/a/mode_1/map.sty
copying file ./Payload/JLB_Customer.app/mapapi.bundle/files/cfg/a/mode_1/reduct.rs ... 
2017-10-20 01:38:04 +0000  279264 bytes for ./Payload/JLB_Customer.app/mapapi.bundle/files/cfg/a/mode_1/reduct.rs
copying file ./Payload/JLB_Customer.app/mapapi.bundle/files/cfg/a/mode_1/reduct.sty ... 
2017-10-20 01:38:04 +0000  466440 bytes for ./Payload/JLB_Customer.app/mapapi.bundle/files/cfg/a/mode_1/reduct.sty
copying file ./Payload/JLB_Customer.app/mapapi.bundle/files/cfg/a/mode_1/traffic.rs ... 
2017-10-20 01:38:04 +0000  131766 bytes for ./Payload/JLB_Customer.app/mapapi.bundle/files/cfg/a/mode_1/traffic.rs
copying file ./Payload/JLB_Customer.app/mapapi.bundle/files/cfg/a/mode_1/traffic.sty ... 
2017-10-20 01:38:04 +0000  468628 bytes for ./Payload/JLB_Customer.app/mapapi.bundle/files/cfg/a/mode_1/traffic.sty
2017-10-20 01:38:04 +0000  copying file ./Payload/JLB_Customer.app/mapapi.bundle/files/cfg/a/mode_2/map.sty ... 
2017-10-20 01:38:04 +0000  386535 bytes for ./Payload/JLB_Customer.app/mapapi.bundle/files/cfg/a/mode_2/map.sty
2017-10-20 01:38:04 +0000  copying file ./Payload/JLB_Customer.app/mapapi.bundle/files/cfg/a/mode_4/map.rs ... 
2017-10-20 01:38:04 +0000  93341 bytes for ./Payload/JLB_Customer.app/mapapi.bundle/files/cfg/a/mode_4/map.rs
copying file ./Payload/JLB_Customer.app/mapapi.bundle/files/cfg/a/mode_4/map.sty ... 
2017-10-20 01:38:04 +0000  413269 bytes for ./Payload/JLB_Customer.app/mapapi.bundle/files/cfg/a/mode_4/map.sty
2017-10-20 01:38:04 +0000  copying file ./Payload/JLB_Customer.app/mapapi.bundle/files/cfg/a/street.sty ... 
1374 bytes for ./Payload/JLB_Customer.app/mapapi.bundle/files/cfg/a/street.sty
copying file ./Payload/JLB_Customer.app/mapapi.bundle/files/cfg/idrres/baseindoormap.sty ... 
2017-10-20 01:38:04 +0000  47979 bytes for ./Payload/JLB_Customer.app/mapapi.bundle/files/cfg/idrres/baseindoormap.sty
2017-10-20 01:38:04 +0000  copying file ./Payload/JLB_Customer.app/mapapi.bundle/files/cfg/idrres/DVIndoor.cfg ... 
2017-10-20 01:38:04 +0000  14408 bytes for ./Payload/JLB_Customer.app/mapapi.bundle/files/cfg/idrres/DVIndoor.cfg
copying file ./Payload/JLB_Customer.app/mapapi.bundle/files/cfg/idrres/ResPackIndoorMap.rs ... 
2017-10-20 01:38:04 +0000  264334 bytes for ./Payload/JLB_Customer.app/mapapi.bundle/files/cfg/idrres/ResPackIndoorMap.rs
2017-10-20 01:38:04 +0000  copying file ./Payload/JLB_Customer.app/mapapi.bundle/images/baidumap_logo.png ... 
2017-10-20 01:38:04 +0000  4387 bytes for ./Payload/JLB_Customer.app/mapapi.bundle/images/baidumap_logo.png
copying file ./Payload/JLB_Customer.app/mapapi.bundle/images/baidumap_logo@2x.png ... 
2017-10-20 01:38:04 +0000  5920 bytes for ./Payload/JLB_Customer.app/mapapi.bundle/images/baidumap_logo@2x.png
copying file ./Payload/JLB_Customer.app/mapapi.bundle/images/bnavi_icon_location_fixed.png ... 
2017-10-20 01:38:04 +0000  601 bytes for ./Payload/JLB_Customer.app/mapapi.bundle/images/bnavi_icon_location_fixed.png
copying file ./Payload/JLB_Customer.app/mapapi.bundle/images/bnavi_icon_location_fixed@2x.png ... 
2017-10-20 01:38:04 +0000  1458 bytes for ./Payload/JLB_Customer.app/mapapi.bundle/images/bnavi_icon_location_fixed@2x.png
copying file ./Payload/JLB_Customer.app/mapapi.bundle/images/direction_wheel.png ... 
2017-10-20 01:38:04 +0000  3839 bytes for ./Payload/JLB_Customer.app/mapapi.bundle/images/direction_wheel.png
copying file ./Payload/JLB_Customer.app/mapapi.bundle/images/direction_wheel@2x.png ... 
2017-10-20 01:38:04 +0000  9255 bytes for ./Payload/JLB_Customer.app/mapapi.bundle/images/direction_wheel@2x.png
2017-10-20 01:38:04 +0000  copying file ./Payload/JLB_Customer.app/mapapi.bundle/images/icon_action_paopao_middle_left.png ... 
2017-10-20 01:38:04 +0000  3065 bytes for ./Payload/JLB_Customer.app/mapapi.bundle/images/icon_action_paopao_middle_left.png
copying file ./Payload/JLB_Customer.app/mapapi.bundle/images/icon_action_paopao_middle_left@2x.png ... 
2017-10-20 01:38:04 +0000  3406 bytes for ./Payload/JLB_Customer.app/mapapi.bundle/images/icon_action_paopao_middle_left@2x.png
copying file ./Payload/JLB_Customer.app/mapapi.bundle/images/icon_action_paopao_middle_left_highlighted.png ... 
2017-10-20 01:38:04 +0000  3059 bytes for ./Payload/JLB_Customer.app/mapapi.bundle/images/icon_action_paopao_middle_left_highlighted.png
copying file ./Payload/JLB_Customer.app/mapapi.bundle/images/icon_action_paopao_middle_left_highlighted@2x.png ... 
2017-10-20 01:38:04 +0000  3421 bytes for ./Payload/JLB_Customer.app/mapapi.bundle/images/icon_action_paopao_middle_left_highlighted@2x.png
copying file ./Payload/JLB_Customer.app/mapapi.bundle/images/icon_action_paopao_middle_right.png ... 
2017-10-20 01:38:04 +0000  3049 bytes for ./Payload/JLB_Customer.app/mapapi.bundle/images/icon_action_paopao_middle_right.png
copying file ./Payload/JLB_Customer.app/mapapi.bundle/images/icon_action_paopao_middle_right@2x.png ... 
2017-10-20 01:38:04 +0000  3323 bytes for ./Payload/JLB_Customer.app/mapapi.bundle/images/icon_action_paopao_middle_right@2x.png
copying file ./Payload/JLB_Customer.app/mapapi.bundle/images/icon_action_paopao_middle_right_highlighted.png ... 
2017-10-20 01:38:04 +0000  3045 bytes for ./Payload/JLB_Customer.app/mapapi.bundle/images/icon_action_paopao_middle_right_highlighted.png
copying file ./Payload/JLB_Customer.app/mapapi.bundle/images/icon_action_paopao_middle_right_highlighted@2x.png ... 
2017-10-20 01:38:04 +0000  3328 bytes for ./Payload/JLB_Customer.app/mapapi.bundle/images/icon_action_paopao_middle_right_highlighted@2x.png
copying file ./Payload/JLB_Customer.app/mapapi.bundle/images/icon_cellphone.png ... 
2017-10-20 01:38:04 +0000  2703 bytes for ./Payload/JLB_Customer.app/mapapi.bundle/images/icon_cellphone.png
copying file ./Payload/JLB_Customer.app/mapapi.bundle/images/icon_cellphone2.png ... 
2017-10-20 01:38:04 +0000  3712 bytes for ./Payload/JLB_Customer.app/mapapi.bundle/images/icon_cellphone2.png
copying file ./Payload/JLB_Customer.app/mapapi.bundle/images/icon_cellphone2@2x.png ... 
2017-10-20 01:38:04 +0000  7717 bytes for ./Payload/JLB_Customer.app/mapapi.bundle/images/icon_cellphone2@2x.png
copying file ./Payload/JLB_Customer.app/mapapi.bundle/images/icon_cellphone@2x.png ... 
2017-10-20 01:38:04 +0000  4674 bytes for ./Payload/JLB_Customer.app/mapapi.bundle/images/icon_cellphone@2x.png
copying file ./Payload/JLB_Customer.app/mapapi.bundle/images/icon_center_point.png ... 
2017-10-20 01:38:04 +0000  1168 bytes for ./Payload/JLB_Customer.app/mapapi.bundle/images/icon_center_point.png
copying file ./Payload/JLB_Customer.app/mapapi.bundle/images/icon_center_point@2x.png ... 
2017-10-20 01:38:04 +0000  2470 bytes for ./Payload/JLB_Customer.app/mapapi.bundle/images/icon_center_point@2x.png
copying file ./Payload/JLB_Customer.app/mapapi.bundle/images/icon_compass.png ... 
2017-10-20 01:38:04 +0000  3807 bytes for ./Payload/JLB_Customer.app/mapapi.bundle/images/icon_compass.png
2017-10-20 01:38:04 +0000  copying file ./Payload/JLB_Customer.app/mapapi.bundle/images/icon_compass@2x.png ... 
2017-10-20 01:38:04 +0000  2972 bytes for ./Payload/JLB_Customer.app/mapapi.bundle/images/icon_compass@2x.png
copying file ./Payload/JLB_Customer.app/mapapi.bundle/images/icon_compass_background.png ... 
2017-10-20 01:38:04 +0000  4797 bytes for ./Payload/JLB_Customer.app/mapapi.bundle/images/icon_compass_background.png
copying file ./Payload/JLB_Customer.app/mapapi.bundle/images/icon_compass_background@2x.png ... 
2017-10-20 01:38:04 +0000  5464 bytes for ./Payload/JLB_Customer.app/mapapi.bundle/images/icon_compass_background@2x.png
copying file ./Payload/JLB_Customer.app/mapapi.bundle/images/icon_direction.png ... 
2017-10-20 01:38:04 +0000  3334 bytes for ./Payload/JLB_Customer.app/mapapi.bundle/images/icon_direction.png
copying file ./Payload/JLB_Customer.app/mapapi.bundle/images/icon_direction@2x.png ... 
2017-10-20 01:38:04 +0000  3496 bytes for ./Payload/JLB_Customer.app/mapapi.bundle/images/icon_direction@2x.png
copying file ./Payload/JLB_Customer.app/mapapi.bundle/images/icon_line_nofocus.png ... 
2017-10-20 01:38:04 +0000  112 bytes for ./Payload/JLB_Customer.app/mapapi.bundle/images/icon_line_nofocus.png
copying file ./Payload/JLB_Customer.app/mapapi.bundle/images/icon_nav_bus.png ... 
2017-10-20 01:38:04 +0000  1818 bytes for ./Payload/JLB_Customer.app/mapapi.bundle/images/icon_nav_bus.png
copying file ./Payload/JLB_Customer.app/mapapi.bundle/images/icon_nav_bus@2x.png ... 
2017-10-20 01:38:04 +0000  1394 bytes for ./Payload/JLB_Customer.app/mapapi.bundle/images/icon_nav_bus@2x.png
copying file ./Payload/JLB_Customer.app/mapapi.bundle/images/icon_nav_end.png ... 
2017-10-20 01:38:04 +0000  4793 bytes for ./Payload/JLB_Customer.app/mapapi.bundle/images/icon_nav_end.png
copying file ./Payload/JLB_Customer.app/mapapi.bundle/images/icon_nav_end@2x.png ... 
2017-10-20 01:38:04 +0000  7991 bytes for ./Payload/JLB_Customer.app/mapapi.bundle/images/icon_nav_end@2x.png
copying file ./Payload/JLB_Customer.app/mapapi.bundle/images/icon_nav_rail.png ... 
2017-10-20 01:38:04 +0000  1950 bytes for ./Payload/JLB_Customer.app/mapapi.bundle/images/icon_nav_rail.png
copying file ./Payload/JLB_Customer.app/mapapi.bundle/images/icon_nav_rail@2x.png ... 
2017-10-20 01:38:04 +0000  1555 bytes for ./Payload/JLB_Customer.app/mapapi.bundle/images/icon_nav_rail@2x.png
copying file ./Payload/JLB_Customer.app/mapapi.bundle/images/icon_nav_start.png ... 
2017-10-20 01:38:04 +0000  4760 bytes for ./Payload/JLB_Customer.app/mapapi.bundle/images/icon_nav_start.png
copying file ./Payload/JLB_Customer.app/mapapi.bundle/images/icon_nav_start@2x.png ... 
2017-10-20 01:38:04 +0000  7712 bytes for ./Payload/JLB_Customer.app/mapapi.bundle/images/icon_nav_start@2x.png
copying file ./Payload/JLB_Customer.app/mapapi.bundle/images/icon_nav_waypoint.png ... 
2017-10-20 01:38:04 +0000  4693 bytes for ./Payload/JLB_Customer.app/mapapi.bundle/images/icon_nav_waypoint.png
copying file ./Payload/JLB_Customer.app/mapapi.bundle/images/icon_nav_waypoint@2x.png ... 
2017-10-20 01:38:04 +0000  5068 bytes for ./Payload/JLB_Customer.app/mapapi.bundle/images/icon_nav_waypoint@2x.png
copying file ./Payload/JLB_Customer.app/mapapi.bundle/images/icon_paopao_middle_left.png ... 
2017-10-20 01:38:04 +0000  3397 bytes for ./Payload/JLB_Customer.app/mapapi.bundle/images/icon_paopao_middle_left.png
copying file ./Payload/JLB_Customer.app/mapapi.bundle/images/icon_paopao_middle_left@2x.png ... 
2017-10-20 01:38:04 +0000  4308 bytes for ./Payload/JLB_Customer.app/mapapi.bundle/images/icon_paopao_middle_left@2x.png
copying file ./Payload/JLB_Customer.app/mapapi.bundle/images/icon_paopao_middle_left_highlighted.png ... 
2017-10-20 01:38:04 +0000  3452 bytes for ./Payload/JLB_Customer.app/mapapi.bundle/images/icon_paopao_middle_left_highlighted.png
2017-10-20 01:38:04 +0000  copying file ./Payload/JLB_Customer.app/mapapi.bundle/images/icon_paopao_middle_left_highlighted@2x.png ... 
2017-10-20 01:38:04 +0000  4291 bytes for ./Payload/JLB_Customer.app/mapapi.bundle/images/icon_paopao_middle_left_highlighted@2x.png
copying file ./Payload/JLB_Customer.app/mapapi.bundle/images/icon_paopao_middle_right.png ... 
2017-10-20 01:38:04 +0000  3411 bytes for ./Payload/JLB_Customer.app/mapapi.bundle/images/icon_paopao_middle_right.png
copying file ./Payload/JLB_Customer.app/mapapi.bundle/images/icon_paopao_middle_right@2x.png ... 
2017-10-20 01:38:04 +0000  4202 bytes for ./Payload/JLB_Customer.app/mapapi.bundle/images/icon_paopao_middle_right@2x.png
copying file ./Payload/JLB_Customer.app/mapapi.bundle/images/icon_paopao_middle_right_highlighted.png ... 
2017-10-20 01:38:04 +0000  3386 bytes for ./Payload/JLB_Customer.app/mapapi.bundle/images/icon_paopao_middle_right_highlighted.png
copying file ./Payload/JLB_Customer.app/mapapi.bundle/images/icon_paopao_middle_right_highlighted@2x.png ... 
2017-10-20 01:38:04 +0000  4185 bytes for ./Payload/JLB_Customer.app/mapapi.bundle/images/icon_paopao_middle_right_highlighted@2x.png
copying file ./Payload/JLB_Customer.app/mapapi.bundle/images/line_texture.png ... 
2017-10-20 01:38:04 +0000  2830 bytes for ./Payload/JLB_Customer.app/mapapi.bundle/images/line_texture.png
copying file ./Payload/JLB_Customer.app/mapapi.bundle/images/lineDashTexture.png ... 
2017-10-20 01:38:04 +0000  194 bytes for ./Payload/JLB_Customer.app/mapapi.bundle/images/lineDashTexture.png
copying file ./Payload/JLB_Customer.app/mapapi.bundle/images/pin_green.png ... 
2017-10-20 01:38:04 +0000  3896 bytes for ./Payload/JLB_Customer.app/mapapi.bundle/images/pin_green.png
2017-10-20 01:38:04 +0000  copying file ./Payload/JLB_Customer.app/mapapi.bundle/images/pin_green@2x.png ... 
2017-10-20 01:38:04 +0000  5685 bytes for ./Payload/JLB_Customer.app/mapapi.bundle/images/pin_green@2x.png
2017-10-20 01:38:04 +0000  copying file ./Payload/JLB_Customer.app/mapapi.bundle/images/pin_purple.png ... 
2017-10-20 01:38:04 +0000  3909 bytes for ./Payload/JLB_Customer.app/mapapi.bundle/images/pin_purple.png
2017-10-20 01:38:04 +0000  copying file ./Payload/JLB_Customer.app/mapapi.bundle/images/pin_purple@2x.png ... 
2017-10-20 01:38:04 +0000  5716 bytes for ./Payload/JLB_Customer.app/mapapi.bundle/images/pin_purple@2x.png
2017-10-20 01:38:04 +0000  copying file ./Payload/JLB_Customer.app/mapapi.bundle/images/pin_red.png ... 
2017-10-20 01:38:04 +0000  3865 bytes for ./Payload/JLB_Customer.app/mapapi.bundle/images/pin_red.png
copying file ./Payload/JLB_Customer.app/mapapi.bundle/images/pin_red@2x.png ... 
2017-10-20 01:38:04 +0000  5533 bytes for ./Payload/JLB_Customer.app/mapapi.bundle/images/pin_red@2x.png
2017-10-20 01:38:04 +0000  copying file ./Payload/JLB_Customer.app/MJRefresh.bundle/arrow@2x.png ... 
2017-10-20 01:38:04 +0000  1033 bytes for ./Payload/JLB_Customer.app/MJRefresh.bundle/arrow@2x.png
2017-10-20 01:38:04 +0000  copying file ./Payload/JLB_Customer.app/PkgInfo ... 
2017-10-20 01:38:04 +0000  8 bytes for ./Payload/JLB_Customer.app/PkgInfo
copying file ./Payload/JLB_Customer.app/PYPhotosView.bundle/addimage.png ... 
2017-10-20 01:38:04 +0000  1077 bytes for ./Payload/JLB_Customer.app/PYPhotosView.bundle/addimage.png
2017-10-20 01:38:04 +0000  copying file ./Payload/JLB_Customer.app/PYPhotosView.bundle/addimage@2x.png ... 
2017-10-20 01:38:04 +0000  1077 bytes for ./Payload/JLB_Customer.app/PYPhotosView.bundle/addimage@2x.png
copying file ./Payload/JLB_Customer.app/PYPhotosView.bundle/addimage@3x.png ... 
2017-10-20 01:38:04 +0000  1077 bytes for ./Payload/JLB_Customer.app/PYPhotosView.bundle/addimage@3x.png
2017-10-20 01:38:04 +0000  copying file ./Payload/JLB_Customer.app/PYPhotosView.bundle/deleteimage.png ... 
2017-10-20 01:38:04 +0000  241 bytes for ./Payload/JLB_Customer.app/PYPhotosView.bundle/deleteimage.png
copying file ./Payload/JLB_Customer.app/PYPhotosView.bundle/deleteimage@2x.png ... 
241 bytes for ./Payload/JLB_Customer.app/PYPhotosView.bundle/deleteimage@2x.png
2017-10-20 01:38:04 +0000  copying file ./Payload/JLB_Customer.app/PYPhotosView.bundle/deleteimage@3x.png ... 
476 bytes for ./Payload/JLB_Customer.app/PYPhotosView.bundle/deleteimage@3x.png
copying file ./Payload/JLB_Customer.app/PYPhotosView.bundle/imageerror.png ... 
2017-10-20 01:38:04 +0000  3420 bytes for ./Payload/JLB_Customer.app/PYPhotosView.bundle/imageerror.png
2017-10-20 01:38:04 +0000  copying file ./Payload/JLB_Customer.app/PYPhotosView.bundle/imageerror@2x.png ... 
3420 bytes for ./Payload/JLB_Customer.app/PYPhotosView.bundle/imageerror@2x.png
copying file ./Payload/JLB_Customer.app/PYPhotosView.bundle/imageerror@3x.png ... 
2017-10-20 01:38:04 +0000  3420 bytes for ./Payload/JLB_Customer.app/PYPhotosView.bundle/imageerror@3x.png
copying file ./Payload/JLB_Customer.app/PYPhotosView.bundle/placeholderimage.png ... 
2017-10-20 01:38:04 +0000  5975 bytes for ./Payload/JLB_Customer.app/PYPhotosView.bundle/placeholderimage.png
copying file ./Payload/JLB_Customer.app/PYPhotosView.bundle/placeholderimage@2x.png ... 
2017-10-20 01:38:04 +0000  9419 bytes for ./Payload/JLB_Customer.app/PYPhotosView.bundle/placeholderimage@2x.png
copying file ./Payload/JLB_Customer.app/PYPhotosView.bundle/placeholderimage@3x.png ... 
2017-10-20 01:38:04 +0000  15063 bytes for ./Payload/JLB_Customer.app/PYPhotosView.bundle/placeholderimage@3x.png
2017-10-20 01:38:04 +0000  copying file ./Payload/JLB_Customer.app/radio_checked.png ... 
2017-10-20 01:38:04 +0000  1717 bytes for ./Payload/JLB_Customer.app/radio_checked.png
copying file ./Payload/JLB_Customer.app/radio_unchecked.png ... 
2017-10-20 01:38:04 +0000  1480 bytes for ./Payload/JLB_Customer.app/radio_unchecked.png
2017-10-20 01:38:04 +0000  copying file ./Payload/JLB_Customer.app/SANQUAN.sqlite ... 
2017-10-20 01:38:04 +0000  310272 bytes for ./Payload/JLB_Customer.app/SANQUAN.sqlite
copying file ./Payload/JLB_Customer.app/SLBHomePageCell.nib ... 
2017-10-20 01:38:04 +0000  4072 bytes for ./Payload/JLB_Customer.app/SLBHomePageCell.nib
2017-10-20 01:38:04 +0000  copying file ./Payload/JLB_Customer.app/TZImagePickerController.bundle/en.lproj/Localizable.strings ... 
2017-10-20 01:38:04 +0000  2594 bytes for ./Payload/JLB_Customer.app/TZImagePickerController.bundle/en.lproj/Localizable.strings
copying file ./Payload/JLB_Customer.app/TZImagePickerController.bundle/MMVideoPreviewPlay@2x.png ... 
2017-10-20 01:38:04 +0000  3645 bytes for ./Payload/JLB_Customer.app/TZImagePickerController.bundle/MMVideoPreviewPlay@2x.png
copying file ./Payload/JLB_Customer.app/TZImagePickerController.bundle/MMVideoPreviewPlayHL@2x.png ... 
2017-10-20 01:38:04 +0000  3645 bytes for ./Payload/JLB_Customer.app/TZImagePickerController.bundle/MMVideoPreviewPlayHL@2x.png
copying file ./Payload/JLB_Customer.app/TZImagePickerController.bundle/navi_back@2x.png ... 
2017-10-20 01:38:04 +0000  116 bytes for ./Payload/JLB_Customer.app/TZImagePickerController.bundle/navi_back@2x.png
copying file ./Payload/JLB_Customer.app/TZImagePickerController.bundle/photo_def_photoPickerVc@2x.png ... 
2017-10-20 01:38:04 +0000  1155 bytes for ./Payload/JLB_Customer.app/TZImagePickerController.bundle/photo_def_photoPickerVc@2x.png
copying file ./Payload/JLB_Customer.app/TZImagePickerController.bundle/photo_def_previewVc@2x.png ... 
1155 bytes for ./Payload/JLB_Customer.app/TZImagePickerController.bundle/photo_def_previewVc@2x.png
2017-10-20 01:38:04 +0000  copying file ./Payload/JLB_Customer.app/TZImagePickerController.bundle/photo_number_icon@2x.png ... 
501 bytes for ./Payload/JLB_Customer.app/TZImagePickerController.bundle/photo_number_icon@2x.png
copying file ./Payload/JLB_Customer.app/TZImagePickerController.bundle/photo_original_def@2x.png ... 
2017-10-20 01:38:04 +0000  1602 bytes for ./Payload/JLB_Customer.app/TZImagePickerController.bundle/photo_original_def@2x.png
copying file ./Payload/JLB_Customer.app/TZImagePickerController.bundle/photo_original_sel@2x.png ... 
2017-10-20 01:38:04 +0000  620 bytes for ./Payload/JLB_Customer.app/TZImagePickerController.bundle/photo_original_sel@2x.png
copying file ./Payload/JLB_Customer.app/TZImagePickerController.bundle/photo_sel_photoPickerVc@2x.png ... 
2017-10-20 01:38:04 +0000  1006 bytes for ./Payload/JLB_Customer.app/TZImagePickerController.bundle/photo_sel_photoPickerVc@2x.png
copying file ./Payload/JLB_Customer.app/TZImagePickerController.bundle/photo_sel_previewVc@2x.png ... 
2017-10-20 01:38:04 +0000  1183 bytes for ./Payload/JLB_Customer.app/TZImagePickerController.bundle/photo_sel_previewVc@2x.png
copying file ./Payload/JLB_Customer.app/TZImagePickerController.bundle/preview_number_icon@2x.png ... 
501 bytes for ./Payload/JLB_Customer.app/TZImagePickerController.bundle/preview_number_icon@2x.png
copying file ./Payload/JLB_Customer.app/TZImagePickerController.bundle/preview_original_def@2x.png ... 
2017-10-20 01:38:04 +0000  392 bytes for ./Payload/JLB_Customer.app/TZImagePickerController.bundle/preview_original_def@2x.png
copying file ./Payload/JLB_Customer.app/TZImagePickerController.bundle/Root.plist ... 
2017-10-20 01:38:04 +0000  1456 bytes for ./Payload/JLB_Customer.app/TZImagePickerController.bundle/Root.plist
copying file ./Payload/JLB_Customer.app/TZImagePickerController.bundle/TableViewArrow@2x.png ... 
299 bytes for ./Payload/JLB_Customer.app/TZImagePickerController.bundle/TableViewArrow@2x.png
copying file ./Payload/JLB_Customer.app/TZImagePickerController.bundle/takePicture@2x.png ... 
2017-10-20 01:38:04 +0000  5924 bytes for ./Payload/JLB_Customer.app/TZImagePickerController.bundle/takePicture@2x.png
copying file ./Payload/JLB_Customer.app/TZImagePickerController.bundle/VideoSendIcon@2x.png ... 
2017-10-20 01:38:04 +0000  223 bytes for ./Payload/JLB_Customer.app/TZImagePickerController.bundle/VideoSendIcon@2x.png
copying file ./Payload/JLB_Customer.app/TZImagePickerController.bundle/zh-Hans.lproj/Localizable.strings ... 
2017-10-20 01:38:04 +0000  1902 bytes for ./Payload/JLB_Customer.app/TZImagePickerController.bundle/zh-Hans.lproj/Localizable.strings
2017-10-20 01:38:04 +0000  copying file ./Payload/JLB_Customer.app/君乐宝标志.ai ... 
2017-10-20 01:38:04 +0000  102517 bytes for ./Payload/JLB_Customer.app/君乐宝标志.ai
2017-10-20 01:38:04 +0000  /usr/bin/ditto exited with 0
2017-10-20 01:38:04 +0000  Processing step: IDEDistributionCreateManifestStep
